<?xml version='1.0' encoding='UTF-8'?>
<testsuite hostname="DESKTOP-LQ5ITIR" name="edu.gatech.cse6250.clustering.MetricsTest" tests="1" errors="0" failures="1" skipped="0" time="0.016" timestamp="2020-09-20T13:39:47">
                     <properties>
[...]
</properties>
                     <testcase classname="edu.gatech.cse6250.clustering.MetricsTest" name="Testing your metrics purity calculation" time="0.016">
                                                 <failure message="org.scalatest.exceptions.TestFailedException: 0 did not equal 1" type="sbt.ForkMain$ForkError">sbt.ForkMain$ForkError: org.scalatest.exceptions.TestFailedException: 0 did not equal 1
	at org.scalatest.Assertions$class.newAssertionFailedException(Assertions.scala:500)
	at org.scalatest.FunSuite.newAssertionFailedException(FunSuite.scala:1555)
	at org.scalatest.Assertions$AssertionsHelper.macroAssert(Assertions.scala:466)
	at edu.gatech.cse6250.clustering.MetricsTest$$anonfun$1.apply$mcV$sp(MetricsTest.scala:46)
	at edu.gatech.cse6250.clustering.MetricsTest$$anonfun$1.apply(MetricsTest.scala:17)
	at edu.gatech.cse6250.clustering.MetricsTest$$anonfun$1.apply(MetricsTest.scala:17)
	at org.scalatest.Transformer$$anonfun$apply$1.apply$mcV$sp(Transformer.scala:22)
	at org.scalatest.OutcomeOf$class.outcomeOf(OutcomeOf.scala:85)
	at org.scalatest.OutcomeOf$.outcomeOf(OutcomeOf.scala:104)
	at org.scalatest.Transformer.apply(Transformer.scala:22)
	at org.scalatest.Transformer.apply(Transformer.scala:20)
	at org.scalatest.FunSuiteLike$$anon$1.apply(FunSuiteLike.scala:166)
	at org.scalatest.Suite$class.withFixture(Suite.scala:1122)
	at edu.gatech.cse6250.clustering.MetricsTest.org$scalatest$concurrent$TimeLimitedTests$$super$withFixture(MetricsTest.scala:9)
	at org.scalatest.concurrent.TimeLimitedTests$$anonfun$withFixture$1.apply(TimeLimitedTests.scala:136)
	at org.scalatest.concurrent.TimeLimitedTests$$anonfun$withFixture$1.apply(TimeLimitedTests.scala:136)
	at org.scalatest.concurrent.Timeouts$class.timeoutAfter(Timeouts.scala:326)
	at org.scalatest.concurrent.Timeouts$class.failAfter(Timeouts.scala:245)
	at org.scalatest.concurrent.Timeouts$.failAfter(Timeouts.scala:358)
	at org.scalatest.concurrent.TimeLimitedTests$class.withFixture(TimeLimitedTests.scala:137)
	at edu.gatech.cse6250.clustering.MetricsTest.withFixture(MetricsTest.scala:9)
	at org.scalatest.FunSuiteLike$class.invokeWithFixture$1(FunSuiteLike.scala:163)
	at org.scalatest.FunSuiteLike$$anonfun$runTest$1.apply(FunSuiteLike.scala:175)
	at org.scalatest.FunSuiteLike$$anonfun$runTest$1.apply(FunSuiteLike.scala:175)
	at org.scalatest.SuperEngine.runTestImpl(Engine.scala:306)
	at org.scalatest.FunSuiteLike$class.runTest(FunSuiteLike.scala:175)
	at edu.gatech.cse6250.clustering.MetricsTest.org$scalatest$BeforeAndAfter$$super$runTest(MetricsTest.scala:9)
	at org.scalatest.BeforeAndAfter$class.runTest(BeforeAndAfter.scala:200)
	at edu.gatech.cse6250.clustering.MetricsTest.runTest(MetricsTest.scala:9)
	at org.scalatest.FunSuiteLike$$anonfun$runTests$1.apply(FunSuiteLike.scala:208)
	at org.scalatest.FunSuiteLike$$anonfun$runTests$1.apply(FunSuiteLike.scala:208)
	at org.scalatest.SuperEngine$$anonfun$traverseSubNodes$1$1.apply(Engine.scala:413)
	at org.scalatest.SuperEngine$$anonfun$traverseSubNodes$1$1.apply(Engine.scala:401)
	at scala.collection.immutable.List.foreach(List.scala:392)
	at org.scalatest.SuperEngine.traverseSubNodes$1(Engine.scala:401)
	at org.scalatest.SuperEngine.org$scalatest$SuperEngine$$runTestsInBranch(Engine.scala:396)
	at org.scalatest.SuperEngine.runTestsImpl(Engine.scala:483)
	at org.scalatest.FunSuiteLike$class.runTests(FunSuiteLike.scala:208)
	at org.scalatest.FunSuite.runTests(FunSuite.scala:1555)
	at org.scalatest.Suite$class.run(Suite.scala:1424)
	at org.scalatest.FunSuite.org$scalatest$FunSuiteLike$$super$run(FunSuite.scala:1555)
	at org.scalatest.FunSuiteLike$$anonfun$run$1.apply(FunSuiteLike.scala:212)
	at org.scalatest.FunSuiteLike$$anonfun$run$1.apply(FunSuiteLike.scala:212)
	at org.scalatest.SuperEngine.runImpl(Engine.scala:545)
	at org.scalatest.FunSuiteLike$class.run(FunSuiteLike.scala:212)
	at edu.gatech.cse6250.clustering.MetricsTest.org$scalatest$BeforeAndAfterAll$$super$run(MetricsTest.scala:9)
	at org.scalatest.BeforeAndAfterAll$class.liftedTree1$1(BeforeAndAfterAll.scala:257)
	at org.scalatest.BeforeAndAfterAll$class.run(BeforeAndAfterAll.scala:256)
	at edu.gatech.cse6250.clustering.MetricsTest.org$scalatest$BeforeAndAfter$$super$run(MetricsTest.scala:9)
	at org.scalatest.BeforeAndAfter$class.run(BeforeAndAfter.scala:241)
	at edu.gatech.cse6250.clustering.MetricsTest.run(MetricsTest.scala:9)
	at org.scalatest.tools.Framework.org$scalatest$tools$Framework$$runSuite(Framework.scala:466)
	at org.scalatest.tools.Framework$ScalaTestTask.execute(Framework.scala:677)
	at sbt.ForkMain$Run.lambda$runTest$1(ForkMain.java:304)
	at java.util.concurrent.FutureTask.run(Unknown Source)
	at java.util.concurrent.ThreadPoolExecutor.runWorker(Unknown Source)
	at java.util.concurrent.ThreadPoolExecutor$Worker.run(Unknown Source)
	at java.lang.Thread.run(Unknown Source)
</failure>
                                               </testcase>
                     <system-out><![CDATA[]]></system-out>
                     <system-err><![CDATA[]]></system-err>
                   </testsuite>