<?xml version='1.0' encoding='UTF-8'?>
<testsuite hostname="DESKTOP-LQ5ITIR" name="edu.gatech.cse6250.features.FeatureConstructionTest" tests="17" errors="0" failures="17" skipped="0" time="0.235" timestamp="2020-09-20T13:39:49">
                     <properties>
      <property name="jline.esc.timeout" value="0"/><property name="java.runtime.name" value="Java(TM) SE Runtime Environment"/><property name="sun.boot.library.path" value="C:\Program Files\Java\jre1.8.0_261\bin"/><property name="java.vm.version" value="25.261-b12"/><property name="java.vm.vendor" value="Oracle Corporation"/><property name="java.vendor.url" value="http://java.oracle.com/"/><property name="path.separator" value=";"/><property name="jna.loaded" value="true"/><property name="java.vm.name" value="Java HotSpot(TM) 64-Bit Server VM"/><property name="file.encoding.pkg" value="sun.io"/><property name="user.country" value="US"/><property name="user.script" value=""/><property name="sun.java.launcher" value="SUN_STANDARD"/><property name="sun.os.patch.level" value=""/><property name="jna.nosys" value="true"/><property name="java.vm.specification.name" value="Java Virtual Machine Specification"/><property name="user.dir" value="C:\Users\ktlco\OneDrive\Documents\MSA\CSE6250\hw3\hw3\code"/><property name="java.runtime.version" value="1.8.0_261-b12"/><property name="java.awt.graphicsenv" value="sun.awt.Win32GraphicsEnvironment"/><property name="idea.managed" value="true"/><property name="java.endorsed.dirs" value="C:\Program Files\Java\jre1.8.0_261\lib\endorsed"/><property name="os.arch" value="amd64"/><property name="java.io.tmpdir" value="C:\Users\ktlco\AppData\Local\Temp\"/><property name="line.separator" value="
"/><property name="java.vm.specification.vendor" value="Oracle Corporation"/><property name="log4j.ignoreTCL" value="true"/><property name="user.variant" value=""/><property name="os.name" value="Windows 10"/><property name="sbt.log.noformat" value="true"/><property name="sun.jnu.encoding" value="Cp1252"/><property name="jnidispatch.path" value="C:\Users\ktlco\AppData\Local\Temp\jna-102379471\jna7355967423078606382.dll"/><property name="java.library.path" value="C:\Program Files\Java\jre1.8.0_261\bin;C:\WINDOWS\Sun\Java\bin;C:\WINDOWS\system32;C:\WINDOWS;C:\Program Files (x86)\Microsoft SDKs\Azure\CLI2\wbin;C:\Program Files (x86)\Common Files\Oracle\Java\javapath;C:\WINDOWS\system32;C:\WINDOWS;C:\WINDOWS\System32\Wbem;C:\WINDOWS\System32\WindowsPowerShell\v1.0\;C:\WINDOWS\System32\OpenSSH\;C:\Program Files\NVIDIA Corporation\NVIDIA NvDLISR;C:\Program Files (x86)\NVIDIA Corporation\PhysX\Common;C:\sqlite3;C:\WINDOWS\system32;C:\WINDOWS;C:\WINDOWS\System32\Wbem;C:\WINDOWS\System32\WindowsPowerShell\v1.0\;C:\WINDOWS\System32\OpenSSH\;C:\Program Files\Git\cmd;C:\Program Files\Docker\Docker\resources\bin;C:\ProgramData\DockerDesktop\version-bin;C:\Users\ktlco\AppData\Local\Microsoft\WindowsApps;C:\Users\ktlco\AppData\Local\Programs\Microsoft VS Code\bin;C:\sqlite3;C:\Users\ktlco\AppData\Local\GitHubDesktop\bin;C:\Users\ktlco\AppData\Local\Microsoft\WindowsApps;;C:\Program Files\JetBrains\IntelliJ IDEA 2020.2.2\bin;;."/><property name="sbt.version" value="1.3.13"/><property name="java.specification.name" value="Java Platform API Specification"/><property name="java.class.version" value="52.0"/><property name="sun.management.compiler" value="HotSpot 64-Bit Tiered Compilers"/><property name="os.version" value="10.0"/><property name="swoval.tmpdir" value="C:\Users\ktlco\.sbt\1.0"/><property name="user.home" value="C:\Users\ktlco"/><property name="user.timezone" value="America/New_York"/><property name="java.awt.printerjob" value="sun.awt.windows.WPrinterJob"/><property name="file.encoding" value="UTF-8"/><property name="java.specification.version" value="1.8"/><property name="java.class.path" value="C:\Users\ktlco\AppData\Roaming\JetBrains\IntelliJIdea2020.2\plugins\Scala\launcher\sbt-launch.jar"/><property name="user.name" value="ktlco"/><property name="jline.shutdownhook" value="false"/><property name="java.vm.specification.version" value="1.8"/><property name="sun.java.command" value="C:\Users\ktlco\AppData\Roaming\JetBrains\IntelliJIdea2020.2\plugins\Scala\launcher\sbt-launch.jar early(addPluginSbtFile=&quot;&quot;&quot;C:\Users\ktlco\AppData\Local\Temp\idea.sbt&quot;&quot;&quot;) ; set ideaPort in Global := 49379 ; idea-shell"/><property name="java.home" value="C:\Program Files\Java\jre1.8.0_261"/><property name="sun.arch.data.model" value="64"/><property name="user.language" value="en"/><property name="java.specification.vendor" value="Oracle Corporation"/><property name="awt.toolkit" value="sun.awt.windows.WToolkit"/><property name="java.vm.info" value="mixed mode"/><property name="java.version" value="1.8.0_261"/><property name="java.ext.dirs" value="C:\Program Files\Java\jre1.8.0_261\lib\ext;C:\WINDOWS\Sun\Java\lib\ext"/><property name="sun.boot.class.path" value="C:\Program Files\Java\jre1.8.0_261\lib\resources.jar;C:\Program Files\Java\jre1.8.0_261\lib\rt.jar;C:\Program Files\Java\jre1.8.0_261\lib\sunrsasign.jar;C:\Program Files\Java\jre1.8.0_261\lib\jsse.jar;C:\Program Files\Java\jre1.8.0_261\lib\jce.jar;C:\Program Files\Java\jre1.8.0_261\lib\charsets.jar;C:\Program Files\Java\jre1.8.0_261\lib\jfr.jar;C:\Program Files\Java\jre1.8.0_261\classes"/><property name="java.vendor" value="Oracle Corporation"/><property name="sun.stderr.encoding" value="cp437"/><property name="file.separator" value="\"/><property name="java.vendor.url.bug" value="http://bugreport.sun.com/bugreport/"/><property name="sbt.supershell" value="false"/><property name="sun.io.unicode.encoding" value="UnicodeLittle"/><property name="sun.cpu.endian" value="little"/><property name="sun.stdout.encoding" value="cp437"/><property name="sun.desktop" value="windows"/><property name="sun.cpu.isalist" value="amd64"/>
    </properties>
                     <testcase classname="edu.gatech.cse6250.features.FeatureConstructionTest" name="constructDiagnosticFeatureTuple should aggregate one event" time="0.019">
                                                 <failure message="org.scalatest.exceptions.TestFailedException: Array(((patient,diagnostics),1.0)) was not equal to Array(((patient1,code1),1.0))" type="sbt.ForkMain$ForkError">sbt.ForkMain$ForkError: org.scalatest.exceptions.TestFailedException: Array(((patient,diagnostics),1.0)) was not equal to Array(((patient1,code1),1.0))
	at org.scalatest.MatchersHelper$.newTestFailedException(MatchersHelper.scala:160)
	at org.scalatest.Matchers$ShouldMethodHelper$.shouldMatcher(Matchers.scala:6231)
	at org.scalatest.Matchers$AnyShouldWrapper.should(Matchers.scala:6265)
	at edu.gatech.cse6250.features.FeatureConstructionTest$$anonfun$3.apply$mcV$sp(FeatureConstructionTest.scala:50)
	at edu.gatech.cse6250.features.FeatureConstructionTest$$anonfun$3.apply(FeatureConstructionTest.scala:44)
	at edu.gatech.cse6250.features.FeatureConstructionTest$$anonfun$3.apply(FeatureConstructionTest.scala:44)
	at org.scalatest.Transformer$$anonfun$apply$1.apply$mcV$sp(Transformer.scala:22)
	at org.scalatest.OutcomeOf$class.outcomeOf(OutcomeOf.scala:85)
	at org.scalatest.OutcomeOf$.outcomeOf(OutcomeOf.scala:104)
	at org.scalatest.Transformer.apply(Transformer.scala:22)
	at org.scalatest.Transformer.apply(Transformer.scala:20)
	at org.scalatest.FlatSpecLike$$anon$1.apply(FlatSpecLike.scala:1647)
	at org.scalatest.Suite$class.withFixture(Suite.scala:1122)
	at edu.gatech.cse6250.features.FeatureConstructionTest.org$scalatest$concurrent$TimeLimitedTests$$super$withFixture(FeatureConstructionTest.scala:18)
	at org.scalatest.concurrent.TimeLimitedTests$$anonfun$withFixture$1.apply(TimeLimitedTests.scala:136)
	at org.scalatest.concurrent.TimeLimitedTests$$anonfun$withFixture$1.apply(TimeLimitedTests.scala:136)
	at org.scalatest.concurrent.Timeouts$class.timeoutAfter(Timeouts.scala:326)
	at org.scalatest.concurrent.Timeouts$class.failAfter(Timeouts.scala:245)
	at org.scalatest.concurrent.Timeouts$.failAfter(Timeouts.scala:358)
	at org.scalatest.concurrent.TimeLimitedTests$class.withFixture(TimeLimitedTests.scala:137)
	at edu.gatech.cse6250.features.FeatureConstructionTest.withFixture(FeatureConstructionTest.scala:18)
	at org.scalatest.FlatSpecLike$class.invokeWithFixture$1(FlatSpecLike.scala:1644)
	at org.scalatest.FlatSpecLike$$anonfun$runTest$1.apply(FlatSpecLike.scala:1656)
	at org.scalatest.FlatSpecLike$$anonfun$runTest$1.apply(FlatSpecLike.scala:1656)
	at org.scalatest.SuperEngine.runTestImpl(Engine.scala:306)
	at org.scalatest.FlatSpecLike$class.runTest(FlatSpecLike.scala:1656)
	at edu.gatech.cse6250.features.FeatureConstructionTest.org$scalatest$BeforeAndAfter$$super$runTest(FeatureConstructionTest.scala:18)
	at org.scalatest.BeforeAndAfter$class.runTest(BeforeAndAfter.scala:200)
	at edu.gatech.cse6250.features.FeatureConstructionTest.runTest(FeatureConstructionTest.scala:18)
	at org.scalatest.FlatSpecLike$$anonfun$runTests$1.apply(FlatSpecLike.scala:1714)
	at org.scalatest.FlatSpecLike$$anonfun$runTests$1.apply(FlatSpecLike.scala:1714)
	at org.scalatest.SuperEngine$$anonfun$traverseSubNodes$1$1.apply(Engine.scala:413)
	at org.scalatest.SuperEngine$$anonfun$traverseSubNodes$1$1.apply(Engine.scala:401)
	at scala.collection.immutable.List.foreach(List.scala:392)
	at org.scalatest.SuperEngine.traverseSubNodes$1(Engine.scala:401)
	at org.scalatest.SuperEngine.org$scalatest$SuperEngine$$runTestsInBranch(Engine.scala:390)
	at org.scalatest.SuperEngine$$anonfun$traverseSubNodes$1$1.apply(Engine.scala:427)
	at org.scalatest.SuperEngine$$anonfun$traverseSubNodes$1$1.apply(Engine.scala:401)
	at scala.collection.immutable.List.foreach(List.scala:392)
	at org.scalatest.SuperEngine.traverseSubNodes$1(Engine.scala:401)
	at org.scalatest.SuperEngine.org$scalatest$SuperEngine$$runTestsInBranch(Engine.scala:396)
	at org.scalatest.SuperEngine.runTestsImpl(Engine.scala:483)
	at org.scalatest.FlatSpecLike$class.runTests(FlatSpecLike.scala:1714)
	at org.scalatest.FlatSpec.runTests(FlatSpec.scala:1683)
	at org.scalatest.Suite$class.run(Suite.scala:1424)
	at org.scalatest.FlatSpec.org$scalatest$FlatSpecLike$$super$run(FlatSpec.scala:1683)
	at org.scalatest.FlatSpecLike$$anonfun$run$1.apply(FlatSpecLike.scala:1760)
	at org.scalatest.FlatSpecLike$$anonfun$run$1.apply(FlatSpecLike.scala:1760)
	at org.scalatest.SuperEngine.runImpl(Engine.scala:545)
	at org.scalatest.FlatSpecLike$class.run(FlatSpecLike.scala:1760)
	at edu.gatech.cse6250.features.FeatureConstructionTest.org$scalatest$BeforeAndAfter$$super$run(FeatureConstructionTest.scala:18)
	at org.scalatest.BeforeAndAfter$class.run(BeforeAndAfter.scala:241)
	at edu.gatech.cse6250.features.FeatureConstructionTest.run(FeatureConstructionTest.scala:18)
	at org.scalatest.tools.Framework.org$scalatest$tools$Framework$$runSuite(Framework.scala:466)
	at org.scalatest.tools.Framework$ScalaTestTask.execute(Framework.scala:677)
	at sbt.ForkMain$Run.lambda$runTest$1(ForkMain.java:304)
	at java.util.concurrent.FutureTask.run(Unknown Source)
	at java.util.concurrent.ThreadPoolExecutor.runWorker(Unknown Source)
	at java.util.concurrent.ThreadPoolExecutor$Worker.run(Unknown Source)
	at java.lang.Thread.run(Unknown Source)
</failure>
                                               </testcase><testcase classname="edu.gatech.cse6250.features.FeatureConstructionTest" name="constructDiagnosticFeatureTuple should aggregate two different events" time="0.016">
                                                 <failure message="org.scalatest.exceptions.TestFailedException: Map((patient,diagnostics) -&gt; 1.0) was not equal to Map((patient1,code1) -&gt; 1.0, (patient1,code2) -&gt; 1.0)" type="sbt.ForkMain$ForkError">sbt.ForkMain$ForkError: org.scalatest.exceptions.TestFailedException: Map((patient,diagnostics) -&gt; 1.0) was not equal to Map((patient1,code1) -&gt; 1.0, (patient1,code2) -&gt; 1.0)
	at org.scalatest.MatchersHelper$.newTestFailedException(MatchersHelper.scala:160)
	at org.scalatest.Matchers$ShouldMethodHelper$.shouldMatcher(Matchers.scala:6231)
	at org.scalatest.Matchers$AnyShouldWrapper.should(Matchers.scala:6265)
	at edu.gatech.cse6250.features.FeatureConstructionTest$$anonfun$4.apply$mcV$sp(FeatureConstructionTest.scala:63)
	at edu.gatech.cse6250.features.FeatureConstructionTest$$anonfun$4.apply(FeatureConstructionTest.scala:55)
	at edu.gatech.cse6250.features.FeatureConstructionTest$$anonfun$4.apply(FeatureConstructionTest.scala:55)
	at org.scalatest.Transformer$$anonfun$apply$1.apply$mcV$sp(Transformer.scala:22)
	at org.scalatest.OutcomeOf$class.outcomeOf(OutcomeOf.scala:85)
	at org.scalatest.OutcomeOf$.outcomeOf(OutcomeOf.scala:104)
	at org.scalatest.Transformer.apply(Transformer.scala:22)
	at org.scalatest.Transformer.apply(Transformer.scala:20)
	at org.scalatest.FlatSpecLike$$anon$1.apply(FlatSpecLike.scala:1647)
	at org.scalatest.Suite$class.withFixture(Suite.scala:1122)
	at edu.gatech.cse6250.features.FeatureConstructionTest.org$scalatest$concurrent$TimeLimitedTests$$super$withFixture(FeatureConstructionTest.scala:18)
	at org.scalatest.concurrent.TimeLimitedTests$$anonfun$withFixture$1.apply(TimeLimitedTests.scala:136)
	at org.scalatest.concurrent.TimeLimitedTests$$anonfun$withFixture$1.apply(TimeLimitedTests.scala:136)
	at org.scalatest.concurrent.Timeouts$class.timeoutAfter(Timeouts.scala:326)
	at org.scalatest.concurrent.Timeouts$class.failAfter(Timeouts.scala:245)
	at org.scalatest.concurrent.Timeouts$.failAfter(Timeouts.scala:358)
	at org.scalatest.concurrent.TimeLimitedTests$class.withFixture(TimeLimitedTests.scala:137)
	at edu.gatech.cse6250.features.FeatureConstructionTest.withFixture(FeatureConstructionTest.scala:18)
	at org.scalatest.FlatSpecLike$class.invokeWithFixture$1(FlatSpecLike.scala:1644)
	at org.scalatest.FlatSpecLike$$anonfun$runTest$1.apply(FlatSpecLike.scala:1656)
	at org.scalatest.FlatSpecLike$$anonfun$runTest$1.apply(FlatSpecLike.scala:1656)
	at org.scalatest.SuperEngine.runTestImpl(Engine.scala:306)
	at org.scalatest.FlatSpecLike$class.runTest(FlatSpecLike.scala:1656)
	at edu.gatech.cse6250.features.FeatureConstructionTest.org$scalatest$BeforeAndAfter$$super$runTest(FeatureConstructionTest.scala:18)
	at org.scalatest.BeforeAndAfter$class.runTest(BeforeAndAfter.scala:200)
	at edu.gatech.cse6250.features.FeatureConstructionTest.runTest(FeatureConstructionTest.scala:18)
	at org.scalatest.FlatSpecLike$$anonfun$runTests$1.apply(FlatSpecLike.scala:1714)
	at org.scalatest.FlatSpecLike$$anonfun$runTests$1.apply(FlatSpecLike.scala:1714)
	at org.scalatest.SuperEngine$$anonfun$traverseSubNodes$1$1.apply(Engine.scala:413)
	at org.scalatest.SuperEngine$$anonfun$traverseSubNodes$1$1.apply(Engine.scala:401)
	at scala.collection.immutable.List.foreach(List.scala:392)
	at org.scalatest.SuperEngine.traverseSubNodes$1(Engine.scala:401)
	at org.scalatest.SuperEngine.org$scalatest$SuperEngine$$runTestsInBranch(Engine.scala:390)
	at org.scalatest.SuperEngine$$anonfun$traverseSubNodes$1$1.apply(Engine.scala:427)
	at org.scalatest.SuperEngine$$anonfun$traverseSubNodes$1$1.apply(Engine.scala:401)
	at scala.collection.immutable.List.foreach(List.scala:392)
	at org.scalatest.SuperEngine.traverseSubNodes$1(Engine.scala:401)
	at org.scalatest.SuperEngine.org$scalatest$SuperEngine$$runTestsInBranch(Engine.scala:396)
	at org.scalatest.SuperEngine.runTestsImpl(Engine.scala:483)
	at org.scalatest.FlatSpecLike$class.runTests(FlatSpecLike.scala:1714)
	at org.scalatest.FlatSpec.runTests(FlatSpec.scala:1683)
	at org.scalatest.Suite$class.run(Suite.scala:1424)
	at org.scalatest.FlatSpec.org$scalatest$FlatSpecLike$$super$run(FlatSpec.scala:1683)
	at org.scalatest.FlatSpecLike$$anonfun$run$1.apply(FlatSpecLike.scala:1760)
	at org.scalatest.FlatSpecLike$$anonfun$run$1.apply(FlatSpecLike.scala:1760)
	at org.scalatest.SuperEngine.runImpl(Engine.scala:545)
	at org.scalatest.FlatSpecLike$class.run(FlatSpecLike.scala:1760)
	at edu.gatech.cse6250.features.FeatureConstructionTest.org$scalatest$BeforeAndAfter$$super$run(FeatureConstructionTest.scala:18)
	at org.scalatest.BeforeAndAfter$class.run(BeforeAndAfter.scala:241)
	at edu.gatech.cse6250.features.FeatureConstructionTest.run(FeatureConstructionTest.scala:18)
	at org.scalatest.tools.Framework.org$scalatest$tools$Framework$$runSuite(Framework.scala:466)
	at org.scalatest.tools.Framework$ScalaTestTask.execute(Framework.scala:677)
	at sbt.ForkMain$Run.lambda$runTest$1(ForkMain.java:304)
	at java.util.concurrent.FutureTask.run(Unknown Source)
	at java.util.concurrent.ThreadPoolExecutor.runWorker(Unknown Source)
	at java.util.concurrent.ThreadPoolExecutor$Worker.run(Unknown Source)
	at java.lang.Thread.run(Unknown Source)
</failure>
                                               </testcase><testcase classname="edu.gatech.cse6250.features.FeatureConstructionTest" name="constructDiagnosticFeatureTuple should aggregate two same events" time="0.012">
                                                 <failure message="org.scalatest.exceptions.TestFailedException: Array(((patient,diagnostics),1.0)) was not equal to Array(((patient1,code1),2.0))" type="sbt.ForkMain$ForkError">sbt.ForkMain$ForkError: org.scalatest.exceptions.TestFailedException: Array(((patient,diagnostics),1.0)) was not equal to Array(((patient1,code1),2.0))
	at org.scalatest.MatchersHelper$.newTestFailedException(MatchersHelper.scala:160)
	at org.scalatest.Matchers$ShouldMethodHelper$.shouldMatcher(Matchers.scala:6231)
	at org.scalatest.Matchers$AnyShouldWrapper.should(Matchers.scala:6265)
	at edu.gatech.cse6250.features.FeatureConstructionTest$$anonfun$5.apply$mcV$sp(FeatureConstructionTest.scala:75)
	at edu.gatech.cse6250.features.FeatureConstructionTest$$anonfun$5.apply(FeatureConstructionTest.scala:68)
	at edu.gatech.cse6250.features.FeatureConstructionTest$$anonfun$5.apply(FeatureConstructionTest.scala:68)
	at org.scalatest.Transformer$$anonfun$apply$1.apply$mcV$sp(Transformer.scala:22)
	at org.scalatest.OutcomeOf$class.outcomeOf(OutcomeOf.scala:85)
	at org.scalatest.OutcomeOf$.outcomeOf(OutcomeOf.scala:104)
	at org.scalatest.Transformer.apply(Transformer.scala:22)
	at org.scalatest.Transformer.apply(Transformer.scala:20)
	at org.scalatest.FlatSpecLike$$anon$1.apply(FlatSpecLike.scala:1647)
	at org.scalatest.Suite$class.withFixture(Suite.scala:1122)
	at edu.gatech.cse6250.features.FeatureConstructionTest.org$scalatest$concurrent$TimeLimitedTests$$super$withFixture(FeatureConstructionTest.scala:18)
	at org.scalatest.concurrent.TimeLimitedTests$$anonfun$withFixture$1.apply(TimeLimitedTests.scala:136)
	at org.scalatest.concurrent.TimeLimitedTests$$anonfun$withFixture$1.apply(TimeLimitedTests.scala:136)
	at org.scalatest.concurrent.Timeouts$class.timeoutAfter(Timeouts.scala:326)
	at org.scalatest.concurrent.Timeouts$class.failAfter(Timeouts.scala:245)
	at org.scalatest.concurrent.Timeouts$.failAfter(Timeouts.scala:358)
	at org.scalatest.concurrent.TimeLimitedTests$class.withFixture(TimeLimitedTests.scala:137)
	at edu.gatech.cse6250.features.FeatureConstructionTest.withFixture(FeatureConstructionTest.scala:18)
	at org.scalatest.FlatSpecLike$class.invokeWithFixture$1(FlatSpecLike.scala:1644)
	at org.scalatest.FlatSpecLike$$anonfun$runTest$1.apply(FlatSpecLike.scala:1656)
	at org.scalatest.FlatSpecLike$$anonfun$runTest$1.apply(FlatSpecLike.scala:1656)
	at org.scalatest.SuperEngine.runTestImpl(Engine.scala:306)
	at org.scalatest.FlatSpecLike$class.runTest(FlatSpecLike.scala:1656)
	at edu.gatech.cse6250.features.FeatureConstructionTest.org$scalatest$BeforeAndAfter$$super$runTest(FeatureConstructionTest.scala:18)
	at org.scalatest.BeforeAndAfter$class.runTest(BeforeAndAfter.scala:200)
	at edu.gatech.cse6250.features.FeatureConstructionTest.runTest(FeatureConstructionTest.scala:18)
	at org.scalatest.FlatSpecLike$$anonfun$runTests$1.apply(FlatSpecLike.scala:1714)
	at org.scalatest.FlatSpecLike$$anonfun$runTests$1.apply(FlatSpecLike.scala:1714)
	at org.scalatest.SuperEngine$$anonfun$traverseSubNodes$1$1.apply(Engine.scala:413)
	at org.scalatest.SuperEngine$$anonfun$traverseSubNodes$1$1.apply(Engine.scala:401)
	at scala.collection.immutable.List.foreach(List.scala:392)
	at org.scalatest.SuperEngine.traverseSubNodes$1(Engine.scala:401)
	at org.scalatest.SuperEngine.org$scalatest$SuperEngine$$runTestsInBranch(Engine.scala:390)
	at org.scalatest.SuperEngine$$anonfun$traverseSubNodes$1$1.apply(Engine.scala:427)
	at org.scalatest.SuperEngine$$anonfun$traverseSubNodes$1$1.apply(Engine.scala:401)
	at scala.collection.immutable.List.foreach(List.scala:392)
	at org.scalatest.SuperEngine.traverseSubNodes$1(Engine.scala:401)
	at org.scalatest.SuperEngine.org$scalatest$SuperEngine$$runTestsInBranch(Engine.scala:396)
	at org.scalatest.SuperEngine.runTestsImpl(Engine.scala:483)
	at org.scalatest.FlatSpecLike$class.runTests(FlatSpecLike.scala:1714)
	at org.scalatest.FlatSpec.runTests(FlatSpec.scala:1683)
	at org.scalatest.Suite$class.run(Suite.scala:1424)
	at org.scalatest.FlatSpec.org$scalatest$FlatSpecLike$$super$run(FlatSpec.scala:1683)
	at org.scalatest.FlatSpecLike$$anonfun$run$1.apply(FlatSpecLike.scala:1760)
	at org.scalatest.FlatSpecLike$$anonfun$run$1.apply(FlatSpecLike.scala:1760)
	at org.scalatest.SuperEngine.runImpl(Engine.scala:545)
	at org.scalatest.FlatSpecLike$class.run(FlatSpecLike.scala:1760)
	at edu.gatech.cse6250.features.FeatureConstructionTest.org$scalatest$BeforeAndAfter$$super$run(FeatureConstructionTest.scala:18)
	at org.scalatest.BeforeAndAfter$class.run(BeforeAndAfter.scala:241)
	at edu.gatech.cse6250.features.FeatureConstructionTest.run(FeatureConstructionTest.scala:18)
	at org.scalatest.tools.Framework.org$scalatest$tools$Framework$$runSuite(Framework.scala:466)
	at org.scalatest.tools.Framework$ScalaTestTask.execute(Framework.scala:677)
	at sbt.ForkMain$Run.lambda$runTest$1(ForkMain.java:304)
	at java.util.concurrent.FutureTask.run(Unknown Source)
	at java.util.concurrent.ThreadPoolExecutor.runWorker(Unknown Source)
	at java.util.concurrent.ThreadPoolExecutor$Worker.run(Unknown Source)
	at java.lang.Thread.run(Unknown Source)
</failure>
                                               </testcase><testcase classname="edu.gatech.cse6250.features.FeatureConstructionTest" name="constructDiagnosticFeatureTuple should aggregate three events with duplication" time="0.012">
                                                 <failure message="org.scalatest.exceptions.TestFailedException: Map((patient,diagnostics) -&gt; 1.0) was not equal to Map((patient1,code1) -&gt; 2.0, (patient1,code2) -&gt; 1.0)" type="sbt.ForkMain$ForkError">sbt.ForkMain$ForkError: org.scalatest.exceptions.TestFailedException: Map((patient,diagnostics) -&gt; 1.0) was not equal to Map((patient1,code1) -&gt; 2.0, (patient1,code2) -&gt; 1.0)
	at org.scalatest.MatchersHelper$.newTestFailedException(MatchersHelper.scala:160)
	at org.scalatest.Matchers$ShouldMethodHelper$.shouldMatcher(Matchers.scala:6231)
	at org.scalatest.Matchers$AnyShouldWrapper.should(Matchers.scala:6265)
	at edu.gatech.cse6250.features.FeatureConstructionTest$$anonfun$6.apply$mcV$sp(FeatureConstructionTest.scala:89)
	at edu.gatech.cse6250.features.FeatureConstructionTest$$anonfun$6.apply(FeatureConstructionTest.scala:80)
	at edu.gatech.cse6250.features.FeatureConstructionTest$$anonfun$6.apply(FeatureConstructionTest.scala:80)
	at org.scalatest.Transformer$$anonfun$apply$1.apply$mcV$sp(Transformer.scala:22)
	at org.scalatest.OutcomeOf$class.outcomeOf(OutcomeOf.scala:85)
	at org.scalatest.OutcomeOf$.outcomeOf(OutcomeOf.scala:104)
	at org.scalatest.Transformer.apply(Transformer.scala:22)
	at org.scalatest.Transformer.apply(Transformer.scala:20)
	at org.scalatest.FlatSpecLike$$anon$1.apply(FlatSpecLike.scala:1647)
	at org.scalatest.Suite$class.withFixture(Suite.scala:1122)
	at edu.gatech.cse6250.features.FeatureConstructionTest.org$scalatest$concurrent$TimeLimitedTests$$super$withFixture(FeatureConstructionTest.scala:18)
	at org.scalatest.concurrent.TimeLimitedTests$$anonfun$withFixture$1.apply(TimeLimitedTests.scala:136)
	at org.scalatest.concurrent.TimeLimitedTests$$anonfun$withFixture$1.apply(TimeLimitedTests.scala:136)
	at org.scalatest.concurrent.Timeouts$class.timeoutAfter(Timeouts.scala:326)
	at org.scalatest.concurrent.Timeouts$class.failAfter(Timeouts.scala:245)
	at org.scalatest.concurrent.Timeouts$.failAfter(Timeouts.scala:358)
	at org.scalatest.concurrent.TimeLimitedTests$class.withFixture(TimeLimitedTests.scala:137)
	at edu.gatech.cse6250.features.FeatureConstructionTest.withFixture(FeatureConstructionTest.scala:18)
	at org.scalatest.FlatSpecLike$class.invokeWithFixture$1(FlatSpecLike.scala:1644)
	at org.scalatest.FlatSpecLike$$anonfun$runTest$1.apply(FlatSpecLike.scala:1656)
	at org.scalatest.FlatSpecLike$$anonfun$runTest$1.apply(FlatSpecLike.scala:1656)
	at org.scalatest.SuperEngine.runTestImpl(Engine.scala:306)
	at org.scalatest.FlatSpecLike$class.runTest(FlatSpecLike.scala:1656)
	at edu.gatech.cse6250.features.FeatureConstructionTest.org$scalatest$BeforeAndAfter$$super$runTest(FeatureConstructionTest.scala:18)
	at org.scalatest.BeforeAndAfter$class.runTest(BeforeAndAfter.scala:200)
	at edu.gatech.cse6250.features.FeatureConstructionTest.runTest(FeatureConstructionTest.scala:18)
	at org.scalatest.FlatSpecLike$$anonfun$runTests$1.apply(FlatSpecLike.scala:1714)
	at org.scalatest.FlatSpecLike$$anonfun$runTests$1.apply(FlatSpecLike.scala:1714)
	at org.scalatest.SuperEngine$$anonfun$traverseSubNodes$1$1.apply(Engine.scala:413)
	at org.scalatest.SuperEngine$$anonfun$traverseSubNodes$1$1.apply(Engine.scala:401)
	at scala.collection.immutable.List.foreach(List.scala:392)
	at org.scalatest.SuperEngine.traverseSubNodes$1(Engine.scala:401)
	at org.scalatest.SuperEngine.org$scalatest$SuperEngine$$runTestsInBranch(Engine.scala:390)
	at org.scalatest.SuperEngine$$anonfun$traverseSubNodes$1$1.apply(Engine.scala:427)
	at org.scalatest.SuperEngine$$anonfun$traverseSubNodes$1$1.apply(Engine.scala:401)
	at scala.collection.immutable.List.foreach(List.scala:392)
	at org.scalatest.SuperEngine.traverseSubNodes$1(Engine.scala:401)
	at org.scalatest.SuperEngine.org$scalatest$SuperEngine$$runTestsInBranch(Engine.scala:396)
	at org.scalatest.SuperEngine.runTestsImpl(Engine.scala:483)
	at org.scalatest.FlatSpecLike$class.runTests(FlatSpecLike.scala:1714)
	at org.scalatest.FlatSpec.runTests(FlatSpec.scala:1683)
	at org.scalatest.Suite$class.run(Suite.scala:1424)
	at org.scalatest.FlatSpec.org$scalatest$FlatSpecLike$$super$run(FlatSpec.scala:1683)
	at org.scalatest.FlatSpecLike$$anonfun$run$1.apply(FlatSpecLike.scala:1760)
	at org.scalatest.FlatSpecLike$$anonfun$run$1.apply(FlatSpecLike.scala:1760)
	at org.scalatest.SuperEngine.runImpl(Engine.scala:545)
	at org.scalatest.FlatSpecLike$class.run(FlatSpecLike.scala:1760)
	at edu.gatech.cse6250.features.FeatureConstructionTest.org$scalatest$BeforeAndAfter$$super$run(FeatureConstructionTest.scala:18)
	at org.scalatest.BeforeAndAfter$class.run(BeforeAndAfter.scala:241)
	at edu.gatech.cse6250.features.FeatureConstructionTest.run(FeatureConstructionTest.scala:18)
	at org.scalatest.tools.Framework.org$scalatest$tools$Framework$$runSuite(Framework.scala:466)
	at org.scalatest.tools.Framework$ScalaTestTask.execute(Framework.scala:677)
	at sbt.ForkMain$Run.lambda$runTest$1(ForkMain.java:304)
	at java.util.concurrent.FutureTask.run(Unknown Source)
	at java.util.concurrent.ThreadPoolExecutor.runWorker(Unknown Source)
	at java.util.concurrent.ThreadPoolExecutor$Worker.run(Unknown Source)
	at java.lang.Thread.run(Unknown Source)
</failure>
                                               </testcase><testcase classname="edu.gatech.cse6250.features.FeatureConstructionTest" name="constructDiagnosticFeatureTuple should filter" time="0.011">
                                                 <failure message="org.scalatest.exceptions.TestFailedException: Array(((patient,diagnostics),1.0)) was not equal to Array(((patient1,code2),1.0))" type="sbt.ForkMain$ForkError">sbt.ForkMain$ForkError: org.scalatest.exceptions.TestFailedException: Array(((patient,diagnostics),1.0)) was not equal to Array(((patient1,code2),1.0))
	at org.scalatest.MatchersHelper$.newTestFailedException(MatchersHelper.scala:160)
	at org.scalatest.Matchers$ShouldMethodHelper$.shouldMatcher(Matchers.scala:6231)
	at org.scalatest.Matchers$AnyShouldWrapper.should(Matchers.scala:6265)
	at edu.gatech.cse6250.features.FeatureConstructionTest$$anonfun$7.apply$mcV$sp(FeatureConstructionTest.scala:102)
	at edu.gatech.cse6250.features.FeatureConstructionTest$$anonfun$7.apply(FeatureConstructionTest.scala:94)
	at edu.gatech.cse6250.features.FeatureConstructionTest$$anonfun$7.apply(FeatureConstructionTest.scala:94)
	at org.scalatest.Transformer$$anonfun$apply$1.apply$mcV$sp(Transformer.scala:22)
	at org.scalatest.OutcomeOf$class.outcomeOf(OutcomeOf.scala:85)
	at org.scalatest.OutcomeOf$.outcomeOf(OutcomeOf.scala:104)
	at org.scalatest.Transformer.apply(Transformer.scala:22)
	at org.scalatest.Transformer.apply(Transformer.scala:20)
	at org.scalatest.FlatSpecLike$$anon$1.apply(FlatSpecLike.scala:1647)
	at org.scalatest.Suite$class.withFixture(Suite.scala:1122)
	at edu.gatech.cse6250.features.FeatureConstructionTest.org$scalatest$concurrent$TimeLimitedTests$$super$withFixture(FeatureConstructionTest.scala:18)
	at org.scalatest.concurrent.TimeLimitedTests$$anonfun$withFixture$1.apply(TimeLimitedTests.scala:136)
	at org.scalatest.concurrent.TimeLimitedTests$$anonfun$withFixture$1.apply(TimeLimitedTests.scala:136)
	at org.scalatest.concurrent.Timeouts$class.timeoutAfter(Timeouts.scala:326)
	at org.scalatest.concurrent.Timeouts$class.failAfter(Timeouts.scala:245)
	at org.scalatest.concurrent.Timeouts$.failAfter(Timeouts.scala:358)
	at org.scalatest.concurrent.TimeLimitedTests$class.withFixture(TimeLimitedTests.scala:137)
	at edu.gatech.cse6250.features.FeatureConstructionTest.withFixture(FeatureConstructionTest.scala:18)
	at org.scalatest.FlatSpecLike$class.invokeWithFixture$1(FlatSpecLike.scala:1644)
	at org.scalatest.FlatSpecLike$$anonfun$runTest$1.apply(FlatSpecLike.scala:1656)
	at org.scalatest.FlatSpecLike$$anonfun$runTest$1.apply(FlatSpecLike.scala:1656)
	at org.scalatest.SuperEngine.runTestImpl(Engine.scala:306)
	at org.scalatest.FlatSpecLike$class.runTest(FlatSpecLike.scala:1656)
	at edu.gatech.cse6250.features.FeatureConstructionTest.org$scalatest$BeforeAndAfter$$super$runTest(FeatureConstructionTest.scala:18)
	at org.scalatest.BeforeAndAfter$class.runTest(BeforeAndAfter.scala:200)
	at edu.gatech.cse6250.features.FeatureConstructionTest.runTest(FeatureConstructionTest.scala:18)
	at org.scalatest.FlatSpecLike$$anonfun$runTests$1.apply(FlatSpecLike.scala:1714)
	at org.scalatest.FlatSpecLike$$anonfun$runTests$1.apply(FlatSpecLike.scala:1714)
	at org.scalatest.SuperEngine$$anonfun$traverseSubNodes$1$1.apply(Engine.scala:413)
	at org.scalatest.SuperEngine$$anonfun$traverseSubNodes$1$1.apply(Engine.scala:401)
	at scala.collection.immutable.List.foreach(List.scala:392)
	at org.scalatest.SuperEngine.traverseSubNodes$1(Engine.scala:401)
	at org.scalatest.SuperEngine.org$scalatest$SuperEngine$$runTestsInBranch(Engine.scala:390)
	at org.scalatest.SuperEngine$$anonfun$traverseSubNodes$1$1.apply(Engine.scala:427)
	at org.scalatest.SuperEngine$$anonfun$traverseSubNodes$1$1.apply(Engine.scala:401)
	at scala.collection.immutable.List.foreach(List.scala:392)
	at org.scalatest.SuperEngine.traverseSubNodes$1(Engine.scala:401)
	at org.scalatest.SuperEngine.org$scalatest$SuperEngine$$runTestsInBranch(Engine.scala:396)
	at org.scalatest.SuperEngine.runTestsImpl(Engine.scala:483)
	at org.scalatest.FlatSpecLike$class.runTests(FlatSpecLike.scala:1714)
	at org.scalatest.FlatSpec.runTests(FlatSpec.scala:1683)
	at org.scalatest.Suite$class.run(Suite.scala:1424)
	at org.scalatest.FlatSpec.org$scalatest$FlatSpecLike$$super$run(FlatSpec.scala:1683)
	at org.scalatest.FlatSpecLike$$anonfun$run$1.apply(FlatSpecLike.scala:1760)
	at org.scalatest.FlatSpecLike$$anonfun$run$1.apply(FlatSpecLike.scala:1760)
	at org.scalatest.SuperEngine.runImpl(Engine.scala:545)
	at org.scalatest.FlatSpecLike$class.run(FlatSpecLike.scala:1760)
	at edu.gatech.cse6250.features.FeatureConstructionTest.org$scalatest$BeforeAndAfter$$super$run(FeatureConstructionTest.scala:18)
	at org.scalatest.BeforeAndAfter$class.run(BeforeAndAfter.scala:241)
	at edu.gatech.cse6250.features.FeatureConstructionTest.run(FeatureConstructionTest.scala:18)
	at org.scalatest.tools.Framework.org$scalatest$tools$Framework$$runSuite(Framework.scala:466)
	at org.scalatest.tools.Framework$ScalaTestTask.execute(Framework.scala:677)
	at sbt.ForkMain$Run.lambda$runTest$1(ForkMain.java:304)
	at java.util.concurrent.FutureTask.run(Unknown Source)
	at java.util.concurrent.ThreadPoolExecutor.runWorker(Unknown Source)
	at java.util.concurrent.ThreadPoolExecutor$Worker.run(Unknown Source)
	at java.lang.Thread.run(Unknown Source)
</failure>
                                               </testcase><testcase classname="edu.gatech.cse6250.features.FeatureConstructionTest" name="constructMedicationFeatureTuple should aggregate one event" time="0.011">
                                                 <failure message="org.scalatest.exceptions.TestFailedException: Array(((patient,med),1.0)) was not equal to Array(((patient1,code1),1.0))" type="sbt.ForkMain$ForkError">sbt.ForkMain$ForkError: org.scalatest.exceptions.TestFailedException: Array(((patient,med),1.0)) was not equal to Array(((patient1,code1),1.0))
	at org.scalatest.MatchersHelper$.newTestFailedException(MatchersHelper.scala:160)
	at org.scalatest.Matchers$ShouldMethodHelper$.shouldMatcher(Matchers.scala:6231)
	at org.scalatest.Matchers$AnyShouldWrapper.should(Matchers.scala:6265)
	at edu.gatech.cse6250.features.FeatureConstructionTest$$anonfun$8.apply$mcV$sp(FeatureConstructionTest.scala:121)
	at edu.gatech.cse6250.features.FeatureConstructionTest$$anonfun$8.apply(FeatureConstructionTest.scala:115)
	at edu.gatech.cse6250.features.FeatureConstructionTest$$anonfun$8.apply(FeatureConstructionTest.scala:115)
	at org.scalatest.Transformer$$anonfun$apply$1.apply$mcV$sp(Transformer.scala:22)
	at org.scalatest.OutcomeOf$class.outcomeOf(OutcomeOf.scala:85)
	at org.scalatest.OutcomeOf$.outcomeOf(OutcomeOf.scala:104)
	at org.scalatest.Transformer.apply(Transformer.scala:22)
	at org.scalatest.Transformer.apply(Transformer.scala:20)
	at org.scalatest.FlatSpecLike$$anon$1.apply(FlatSpecLike.scala:1647)
	at org.scalatest.Suite$class.withFixture(Suite.scala:1122)
	at edu.gatech.cse6250.features.FeatureConstructionTest.org$scalatest$concurrent$TimeLimitedTests$$super$withFixture(FeatureConstructionTest.scala:18)
	at org.scalatest.concurrent.TimeLimitedTests$$anonfun$withFixture$1.apply(TimeLimitedTests.scala:136)
	at org.scalatest.concurrent.TimeLimitedTests$$anonfun$withFixture$1.apply(TimeLimitedTests.scala:136)
	at org.scalatest.concurrent.Timeouts$class.timeoutAfter(Timeouts.scala:326)
	at org.scalatest.concurrent.Timeouts$class.failAfter(Timeouts.scala:245)
	at org.scalatest.concurrent.Timeouts$.failAfter(Timeouts.scala:358)
	at org.scalatest.concurrent.TimeLimitedTests$class.withFixture(TimeLimitedTests.scala:137)
	at edu.gatech.cse6250.features.FeatureConstructionTest.withFixture(FeatureConstructionTest.scala:18)
	at org.scalatest.FlatSpecLike$class.invokeWithFixture$1(FlatSpecLike.scala:1644)
	at org.scalatest.FlatSpecLike$$anonfun$runTest$1.apply(FlatSpecLike.scala:1656)
	at org.scalatest.FlatSpecLike$$anonfun$runTest$1.apply(FlatSpecLike.scala:1656)
	at org.scalatest.SuperEngine.runTestImpl(Engine.scala:306)
	at org.scalatest.FlatSpecLike$class.runTest(FlatSpecLike.scala:1656)
	at edu.gatech.cse6250.features.FeatureConstructionTest.org$scalatest$BeforeAndAfter$$super$runTest(FeatureConstructionTest.scala:18)
	at org.scalatest.BeforeAndAfter$class.runTest(BeforeAndAfter.scala:200)
	at edu.gatech.cse6250.features.FeatureConstructionTest.runTest(FeatureConstructionTest.scala:18)
	at org.scalatest.FlatSpecLike$$anonfun$runTests$1.apply(FlatSpecLike.scala:1714)
	at org.scalatest.FlatSpecLike$$anonfun$runTests$1.apply(FlatSpecLike.scala:1714)
	at org.scalatest.SuperEngine$$anonfun$traverseSubNodes$1$1.apply(Engine.scala:413)
	at org.scalatest.SuperEngine$$anonfun$traverseSubNodes$1$1.apply(Engine.scala:401)
	at scala.collection.immutable.List.foreach(List.scala:392)
	at org.scalatest.SuperEngine.traverseSubNodes$1(Engine.scala:401)
	at org.scalatest.SuperEngine.org$scalatest$SuperEngine$$runTestsInBranch(Engine.scala:390)
	at org.scalatest.SuperEngine$$anonfun$traverseSubNodes$1$1.apply(Engine.scala:427)
	at org.scalatest.SuperEngine$$anonfun$traverseSubNodes$1$1.apply(Engine.scala:401)
	at scala.collection.immutable.List.foreach(List.scala:392)
	at org.scalatest.SuperEngine.traverseSubNodes$1(Engine.scala:401)
	at org.scalatest.SuperEngine.org$scalatest$SuperEngine$$runTestsInBranch(Engine.scala:396)
	at org.scalatest.SuperEngine.runTestsImpl(Engine.scala:483)
	at org.scalatest.FlatSpecLike$class.runTests(FlatSpecLike.scala:1714)
	at org.scalatest.FlatSpec.runTests(FlatSpec.scala:1683)
	at org.scalatest.Suite$class.run(Suite.scala:1424)
	at org.scalatest.FlatSpec.org$scalatest$FlatSpecLike$$super$run(FlatSpec.scala:1683)
	at org.scalatest.FlatSpecLike$$anonfun$run$1.apply(FlatSpecLike.scala:1760)
	at org.scalatest.FlatSpecLike$$anonfun$run$1.apply(FlatSpecLike.scala:1760)
	at org.scalatest.SuperEngine.runImpl(Engine.scala:545)
	at org.scalatest.FlatSpecLike$class.run(FlatSpecLike.scala:1760)
	at edu.gatech.cse6250.features.FeatureConstructionTest.org$scalatest$BeforeAndAfter$$super$run(FeatureConstructionTest.scala:18)
	at org.scalatest.BeforeAndAfter$class.run(BeforeAndAfter.scala:241)
	at edu.gatech.cse6250.features.FeatureConstructionTest.run(FeatureConstructionTest.scala:18)
	at org.scalatest.tools.Framework.org$scalatest$tools$Framework$$runSuite(Framework.scala:466)
	at org.scalatest.tools.Framework$ScalaTestTask.execute(Framework.scala:677)
	at sbt.ForkMain$Run.lambda$runTest$1(ForkMain.java:304)
	at java.util.concurrent.FutureTask.run(Unknown Source)
	at java.util.concurrent.ThreadPoolExecutor.runWorker(Unknown Source)
	at java.util.concurrent.ThreadPoolExecutor$Worker.run(Unknown Source)
	at java.lang.Thread.run(Unknown Source)
</failure>
                                               </testcase><testcase classname="edu.gatech.cse6250.features.FeatureConstructionTest" name="constructMedicationFeatureTuple should aggregate two different events" time="0.011">
                                                 <failure message="org.scalatest.exceptions.TestFailedException: Map((patient,med) -&gt; 1.0) was not equal to Map((patient1,code1) -&gt; 1.0, (patient1,code2) -&gt; 1.0)" type="sbt.ForkMain$ForkError">sbt.ForkMain$ForkError: org.scalatest.exceptions.TestFailedException: Map((patient,med) -&gt; 1.0) was not equal to Map((patient1,code1) -&gt; 1.0, (patient1,code2) -&gt; 1.0)
	at org.scalatest.MatchersHelper$.newTestFailedException(MatchersHelper.scala:160)
	at org.scalatest.Matchers$ShouldMethodHelper$.shouldMatcher(Matchers.scala:6231)
	at org.scalatest.Matchers$AnyShouldWrapper.should(Matchers.scala:6265)
	at edu.gatech.cse6250.features.FeatureConstructionTest$$anonfun$9.apply$mcV$sp(FeatureConstructionTest.scala:134)
	at edu.gatech.cse6250.features.FeatureConstructionTest$$anonfun$9.apply(FeatureConstructionTest.scala:126)
	at edu.gatech.cse6250.features.FeatureConstructionTest$$anonfun$9.apply(FeatureConstructionTest.scala:126)
	at org.scalatest.Transformer$$anonfun$apply$1.apply$mcV$sp(Transformer.scala:22)
	at org.scalatest.OutcomeOf$class.outcomeOf(OutcomeOf.scala:85)
	at org.scalatest.OutcomeOf$.outcomeOf(OutcomeOf.scala:104)
	at org.scalatest.Transformer.apply(Transformer.scala:22)
	at org.scalatest.Transformer.apply(Transformer.scala:20)
	at org.scalatest.FlatSpecLike$$anon$1.apply(FlatSpecLike.scala:1647)
	at org.scalatest.Suite$class.withFixture(Suite.scala:1122)
	at edu.gatech.cse6250.features.FeatureConstructionTest.org$scalatest$concurrent$TimeLimitedTests$$super$withFixture(FeatureConstructionTest.scala:18)
	at org.scalatest.concurrent.TimeLimitedTests$$anonfun$withFixture$1.apply(TimeLimitedTests.scala:136)
	at org.scalatest.concurrent.TimeLimitedTests$$anonfun$withFixture$1.apply(TimeLimitedTests.scala:136)
	at org.scalatest.concurrent.Timeouts$class.timeoutAfter(Timeouts.scala:326)
	at org.scalatest.concurrent.Timeouts$class.failAfter(Timeouts.scala:245)
	at org.scalatest.concurrent.Timeouts$.failAfter(Timeouts.scala:358)
	at org.scalatest.concurrent.TimeLimitedTests$class.withFixture(TimeLimitedTests.scala:137)
	at edu.gatech.cse6250.features.FeatureConstructionTest.withFixture(FeatureConstructionTest.scala:18)
	at org.scalatest.FlatSpecLike$class.invokeWithFixture$1(FlatSpecLike.scala:1644)
	at org.scalatest.FlatSpecLike$$anonfun$runTest$1.apply(FlatSpecLike.scala:1656)
	at org.scalatest.FlatSpecLike$$anonfun$runTest$1.apply(FlatSpecLike.scala:1656)
	at org.scalatest.SuperEngine.runTestImpl(Engine.scala:306)
	at org.scalatest.FlatSpecLike$class.runTest(FlatSpecLike.scala:1656)
	at edu.gatech.cse6250.features.FeatureConstructionTest.org$scalatest$BeforeAndAfter$$super$runTest(FeatureConstructionTest.scala:18)
	at org.scalatest.BeforeAndAfter$class.runTest(BeforeAndAfter.scala:200)
	at edu.gatech.cse6250.features.FeatureConstructionTest.runTest(FeatureConstructionTest.scala:18)
	at org.scalatest.FlatSpecLike$$anonfun$runTests$1.apply(FlatSpecLike.scala:1714)
	at org.scalatest.FlatSpecLike$$anonfun$runTests$1.apply(FlatSpecLike.scala:1714)
	at org.scalatest.SuperEngine$$anonfun$traverseSubNodes$1$1.apply(Engine.scala:413)
	at org.scalatest.SuperEngine$$anonfun$traverseSubNodes$1$1.apply(Engine.scala:401)
	at scala.collection.immutable.List.foreach(List.scala:392)
	at org.scalatest.SuperEngine.traverseSubNodes$1(Engine.scala:401)
	at org.scalatest.SuperEngine.org$scalatest$SuperEngine$$runTestsInBranch(Engine.scala:390)
	at org.scalatest.SuperEngine$$anonfun$traverseSubNodes$1$1.apply(Engine.scala:427)
	at org.scalatest.SuperEngine$$anonfun$traverseSubNodes$1$1.apply(Engine.scala:401)
	at scala.collection.immutable.List.foreach(List.scala:392)
	at org.scalatest.SuperEngine.traverseSubNodes$1(Engine.scala:401)
	at org.scalatest.SuperEngine.org$scalatest$SuperEngine$$runTestsInBranch(Engine.scala:396)
	at org.scalatest.SuperEngine.runTestsImpl(Engine.scala:483)
	at org.scalatest.FlatSpecLike$class.runTests(FlatSpecLike.scala:1714)
	at org.scalatest.FlatSpec.runTests(FlatSpec.scala:1683)
	at org.scalatest.Suite$class.run(Suite.scala:1424)
	at org.scalatest.FlatSpec.org$scalatest$FlatSpecLike$$super$run(FlatSpec.scala:1683)
	at org.scalatest.FlatSpecLike$$anonfun$run$1.apply(FlatSpecLike.scala:1760)
	at org.scalatest.FlatSpecLike$$anonfun$run$1.apply(FlatSpecLike.scala:1760)
	at org.scalatest.SuperEngine.runImpl(Engine.scala:545)
	at org.scalatest.FlatSpecLike$class.run(FlatSpecLike.scala:1760)
	at edu.gatech.cse6250.features.FeatureConstructionTest.org$scalatest$BeforeAndAfter$$super$run(FeatureConstructionTest.scala:18)
	at org.scalatest.BeforeAndAfter$class.run(BeforeAndAfter.scala:241)
	at edu.gatech.cse6250.features.FeatureConstructionTest.run(FeatureConstructionTest.scala:18)
	at org.scalatest.tools.Framework.org$scalatest$tools$Framework$$runSuite(Framework.scala:466)
	at org.scalatest.tools.Framework$ScalaTestTask.execute(Framework.scala:677)
	at sbt.ForkMain$Run.lambda$runTest$1(ForkMain.java:304)
	at java.util.concurrent.FutureTask.run(Unknown Source)
	at java.util.concurrent.ThreadPoolExecutor.runWorker(Unknown Source)
	at java.util.concurrent.ThreadPoolExecutor$Worker.run(Unknown Source)
	at java.lang.Thread.run(Unknown Source)
</failure>
                                               </testcase><testcase classname="edu.gatech.cse6250.features.FeatureConstructionTest" name="constructMedicationFeatureTuple should aggregate two same events" time="0.012">
                                                 <failure message="org.scalatest.exceptions.TestFailedException: Array(((patient,med),1.0)) was not equal to Array(((patient1,code1),2.0))" type="sbt.ForkMain$ForkError">sbt.ForkMain$ForkError: org.scalatest.exceptions.TestFailedException: Array(((patient,med),1.0)) was not equal to Array(((patient1,code1),2.0))
	at org.scalatest.MatchersHelper$.newTestFailedException(MatchersHelper.scala:160)
	at org.scalatest.Matchers$ShouldMethodHelper$.shouldMatcher(Matchers.scala:6231)
	at org.scalatest.Matchers$AnyShouldWrapper.should(Matchers.scala:6265)
	at edu.gatech.cse6250.features.FeatureConstructionTest$$anonfun$10.apply$mcV$sp(FeatureConstructionTest.scala:146)
	at edu.gatech.cse6250.features.FeatureConstructionTest$$anonfun$10.apply(FeatureConstructionTest.scala:139)
	at edu.gatech.cse6250.features.FeatureConstructionTest$$anonfun$10.apply(FeatureConstructionTest.scala:139)
	at org.scalatest.Transformer$$anonfun$apply$1.apply$mcV$sp(Transformer.scala:22)
	at org.scalatest.OutcomeOf$class.outcomeOf(OutcomeOf.scala:85)
	at org.scalatest.OutcomeOf$.outcomeOf(OutcomeOf.scala:104)
	at org.scalatest.Transformer.apply(Transformer.scala:22)
	at org.scalatest.Transformer.apply(Transformer.scala:20)
	at org.scalatest.FlatSpecLike$$anon$1.apply(FlatSpecLike.scala:1647)
	at org.scalatest.Suite$class.withFixture(Suite.scala:1122)
	at edu.gatech.cse6250.features.FeatureConstructionTest.org$scalatest$concurrent$TimeLimitedTests$$super$withFixture(FeatureConstructionTest.scala:18)
	at org.scalatest.concurrent.TimeLimitedTests$$anonfun$withFixture$1.apply(TimeLimitedTests.scala:136)
	at org.scalatest.concurrent.TimeLimitedTests$$anonfun$withFixture$1.apply(TimeLimitedTests.scala:136)
	at org.scalatest.concurrent.Timeouts$class.timeoutAfter(Timeouts.scala:326)
	at org.scalatest.concurrent.Timeouts$class.failAfter(Timeouts.scala:245)
	at org.scalatest.concurrent.Timeouts$.failAfter(Timeouts.scala:358)
	at org.scalatest.concurrent.TimeLimitedTests$class.withFixture(TimeLimitedTests.scala:137)
	at edu.gatech.cse6250.features.FeatureConstructionTest.withFixture(FeatureConstructionTest.scala:18)
	at org.scalatest.FlatSpecLike$class.invokeWithFixture$1(FlatSpecLike.scala:1644)
	at org.scalatest.FlatSpecLike$$anonfun$runTest$1.apply(FlatSpecLike.scala:1656)
	at org.scalatest.FlatSpecLike$$anonfun$runTest$1.apply(FlatSpecLike.scala:1656)
	at org.scalatest.SuperEngine.runTestImpl(Engine.scala:306)
	at org.scalatest.FlatSpecLike$class.runTest(FlatSpecLike.scala:1656)
	at edu.gatech.cse6250.features.FeatureConstructionTest.org$scalatest$BeforeAndAfter$$super$runTest(FeatureConstructionTest.scala:18)
	at org.scalatest.BeforeAndAfter$class.runTest(BeforeAndAfter.scala:200)
	at edu.gatech.cse6250.features.FeatureConstructionTest.runTest(FeatureConstructionTest.scala:18)
	at org.scalatest.FlatSpecLike$$anonfun$runTests$1.apply(FlatSpecLike.scala:1714)
	at org.scalatest.FlatSpecLike$$anonfun$runTests$1.apply(FlatSpecLike.scala:1714)
	at org.scalatest.SuperEngine$$anonfun$traverseSubNodes$1$1.apply(Engine.scala:413)
	at org.scalatest.SuperEngine$$anonfun$traverseSubNodes$1$1.apply(Engine.scala:401)
	at scala.collection.immutable.List.foreach(List.scala:392)
	at org.scalatest.SuperEngine.traverseSubNodes$1(Engine.scala:401)
	at org.scalatest.SuperEngine.org$scalatest$SuperEngine$$runTestsInBranch(Engine.scala:390)
	at org.scalatest.SuperEngine$$anonfun$traverseSubNodes$1$1.apply(Engine.scala:427)
	at org.scalatest.SuperEngine$$anonfun$traverseSubNodes$1$1.apply(Engine.scala:401)
	at scala.collection.immutable.List.foreach(List.scala:392)
	at org.scalatest.SuperEngine.traverseSubNodes$1(Engine.scala:401)
	at org.scalatest.SuperEngine.org$scalatest$SuperEngine$$runTestsInBranch(Engine.scala:396)
	at org.scalatest.SuperEngine.runTestsImpl(Engine.scala:483)
	at org.scalatest.FlatSpecLike$class.runTests(FlatSpecLike.scala:1714)
	at org.scalatest.FlatSpec.runTests(FlatSpec.scala:1683)
	at org.scalatest.Suite$class.run(Suite.scala:1424)
	at org.scalatest.FlatSpec.org$scalatest$FlatSpecLike$$super$run(FlatSpec.scala:1683)
	at org.scalatest.FlatSpecLike$$anonfun$run$1.apply(FlatSpecLike.scala:1760)
	at org.scalatest.FlatSpecLike$$anonfun$run$1.apply(FlatSpecLike.scala:1760)
	at org.scalatest.SuperEngine.runImpl(Engine.scala:545)
	at org.scalatest.FlatSpecLike$class.run(FlatSpecLike.scala:1760)
	at edu.gatech.cse6250.features.FeatureConstructionTest.org$scalatest$BeforeAndAfter$$super$run(FeatureConstructionTest.scala:18)
	at org.scalatest.BeforeAndAfter$class.run(BeforeAndAfter.scala:241)
	at edu.gatech.cse6250.features.FeatureConstructionTest.run(FeatureConstructionTest.scala:18)
	at org.scalatest.tools.Framework.org$scalatest$tools$Framework$$runSuite(Framework.scala:466)
	at org.scalatest.tools.Framework$ScalaTestTask.execute(Framework.scala:677)
	at sbt.ForkMain$Run.lambda$runTest$1(ForkMain.java:304)
	at java.util.concurrent.FutureTask.run(Unknown Source)
	at java.util.concurrent.ThreadPoolExecutor.runWorker(Unknown Source)
	at java.util.concurrent.ThreadPoolExecutor$Worker.run(Unknown Source)
	at java.lang.Thread.run(Unknown Source)
</failure>
                                               </testcase><testcase classname="edu.gatech.cse6250.features.FeatureConstructionTest" name="constructMedicationFeatureTuple should aggregate three events with duplication" time="0.012">
                                                 <failure message="org.scalatest.exceptions.TestFailedException: Map((patient,med) -&gt; 1.0) was not equal to Map((patient1,code1) -&gt; 1.0, (patient1,code2) -&gt; 2.0)" type="sbt.ForkMain$ForkError">sbt.ForkMain$ForkError: org.scalatest.exceptions.TestFailedException: Map((patient,med) -&gt; 1.0) was not equal to Map((patient1,code1) -&gt; 1.0, (patient1,code2) -&gt; 2.0)
	at org.scalatest.MatchersHelper$.newTestFailedException(MatchersHelper.scala:160)
	at org.scalatest.Matchers$ShouldMethodHelper$.shouldMatcher(Matchers.scala:6231)
	at org.scalatest.Matchers$AnyShouldWrapper.should(Matchers.scala:6265)
	at edu.gatech.cse6250.features.FeatureConstructionTest$$anonfun$11.apply$mcV$sp(FeatureConstructionTest.scala:160)
	at edu.gatech.cse6250.features.FeatureConstructionTest$$anonfun$11.apply(FeatureConstructionTest.scala:151)
	at edu.gatech.cse6250.features.FeatureConstructionTest$$anonfun$11.apply(FeatureConstructionTest.scala:151)
	at org.scalatest.Transformer$$anonfun$apply$1.apply$mcV$sp(Transformer.scala:22)
	at org.scalatest.OutcomeOf$class.outcomeOf(OutcomeOf.scala:85)
	at org.scalatest.OutcomeOf$.outcomeOf(OutcomeOf.scala:104)
	at org.scalatest.Transformer.apply(Transformer.scala:22)
	at org.scalatest.Transformer.apply(Transformer.scala:20)
	at org.scalatest.FlatSpecLike$$anon$1.apply(FlatSpecLike.scala:1647)
	at org.scalatest.Suite$class.withFixture(Suite.scala:1122)
	at edu.gatech.cse6250.features.FeatureConstructionTest.org$scalatest$concurrent$TimeLimitedTests$$super$withFixture(FeatureConstructionTest.scala:18)
	at org.scalatest.concurrent.TimeLimitedTests$$anonfun$withFixture$1.apply(TimeLimitedTests.scala:136)
	at org.scalatest.concurrent.TimeLimitedTests$$anonfun$withFixture$1.apply(TimeLimitedTests.scala:136)
	at org.scalatest.concurrent.Timeouts$class.timeoutAfter(Timeouts.scala:326)
	at org.scalatest.concurrent.Timeouts$class.failAfter(Timeouts.scala:245)
	at org.scalatest.concurrent.Timeouts$.failAfter(Timeouts.scala:358)
	at org.scalatest.concurrent.TimeLimitedTests$class.withFixture(TimeLimitedTests.scala:137)
	at edu.gatech.cse6250.features.FeatureConstructionTest.withFixture(FeatureConstructionTest.scala:18)
	at org.scalatest.FlatSpecLike$class.invokeWithFixture$1(FlatSpecLike.scala:1644)
	at org.scalatest.FlatSpecLike$$anonfun$runTest$1.apply(FlatSpecLike.scala:1656)
	at org.scalatest.FlatSpecLike$$anonfun$runTest$1.apply(FlatSpecLike.scala:1656)
	at org.scalatest.SuperEngine.runTestImpl(Engine.scala:306)
	at org.scalatest.FlatSpecLike$class.runTest(FlatSpecLike.scala:1656)
	at edu.gatech.cse6250.features.FeatureConstructionTest.org$scalatest$BeforeAndAfter$$super$runTest(FeatureConstructionTest.scala:18)
	at org.scalatest.BeforeAndAfter$class.runTest(BeforeAndAfter.scala:200)
	at edu.gatech.cse6250.features.FeatureConstructionTest.runTest(FeatureConstructionTest.scala:18)
	at org.scalatest.FlatSpecLike$$anonfun$runTests$1.apply(FlatSpecLike.scala:1714)
	at org.scalatest.FlatSpecLike$$anonfun$runTests$1.apply(FlatSpecLike.scala:1714)
	at org.scalatest.SuperEngine$$anonfun$traverseSubNodes$1$1.apply(Engine.scala:413)
	at org.scalatest.SuperEngine$$anonfun$traverseSubNodes$1$1.apply(Engine.scala:401)
	at scala.collection.immutable.List.foreach(List.scala:392)
	at org.scalatest.SuperEngine.traverseSubNodes$1(Engine.scala:401)
	at org.scalatest.SuperEngine.org$scalatest$SuperEngine$$runTestsInBranch(Engine.scala:390)
	at org.scalatest.SuperEngine$$anonfun$traverseSubNodes$1$1.apply(Engine.scala:427)
	at org.scalatest.SuperEngine$$anonfun$traverseSubNodes$1$1.apply(Engine.scala:401)
	at scala.collection.immutable.List.foreach(List.scala:392)
	at org.scalatest.SuperEngine.traverseSubNodes$1(Engine.scala:401)
	at org.scalatest.SuperEngine.org$scalatest$SuperEngine$$runTestsInBranch(Engine.scala:396)
	at org.scalatest.SuperEngine.runTestsImpl(Engine.scala:483)
	at org.scalatest.FlatSpecLike$class.runTests(FlatSpecLike.scala:1714)
	at org.scalatest.FlatSpec.runTests(FlatSpec.scala:1683)
	at org.scalatest.Suite$class.run(Suite.scala:1424)
	at org.scalatest.FlatSpec.org$scalatest$FlatSpecLike$$super$run(FlatSpec.scala:1683)
	at org.scalatest.FlatSpecLike$$anonfun$run$1.apply(FlatSpecLike.scala:1760)
	at org.scalatest.FlatSpecLike$$anonfun$run$1.apply(FlatSpecLike.scala:1760)
	at org.scalatest.SuperEngine.runImpl(Engine.scala:545)
	at org.scalatest.FlatSpecLike$class.run(FlatSpecLike.scala:1760)
	at edu.gatech.cse6250.features.FeatureConstructionTest.org$scalatest$BeforeAndAfter$$super$run(FeatureConstructionTest.scala:18)
	at org.scalatest.BeforeAndAfter$class.run(BeforeAndAfter.scala:241)
	at edu.gatech.cse6250.features.FeatureConstructionTest.run(FeatureConstructionTest.scala:18)
	at org.scalatest.tools.Framework.org$scalatest$tools$Framework$$runSuite(Framework.scala:466)
	at org.scalatest.tools.Framework$ScalaTestTask.execute(Framework.scala:677)
	at sbt.ForkMain$Run.lambda$runTest$1(ForkMain.java:304)
	at java.util.concurrent.FutureTask.run(Unknown Source)
	at java.util.concurrent.ThreadPoolExecutor.runWorker(Unknown Source)
	at java.util.concurrent.ThreadPoolExecutor$Worker.run(Unknown Source)
	at java.lang.Thread.run(Unknown Source)
</failure>
                                               </testcase><testcase classname="edu.gatech.cse6250.features.FeatureConstructionTest" name="constructMedicationFeatureTuple should filter" time="0.012">
                                                 <failure message="org.scalatest.exceptions.TestFailedException: Array(((patient,med),1.0)) was not equal to Array(((patient1,code2),2.0))" type="sbt.ForkMain$ForkError">sbt.ForkMain$ForkError: org.scalatest.exceptions.TestFailedException: Array(((patient,med),1.0)) was not equal to Array(((patient1,code2),2.0))
	at org.scalatest.MatchersHelper$.newTestFailedException(MatchersHelper.scala:160)
	at org.scalatest.Matchers$ShouldMethodHelper$.shouldMatcher(Matchers.scala:6231)
	at org.scalatest.Matchers$AnyShouldWrapper.should(Matchers.scala:6265)
	at edu.gatech.cse6250.features.FeatureConstructionTest$$anonfun$12.apply$mcV$sp(FeatureConstructionTest.scala:173)
	at edu.gatech.cse6250.features.FeatureConstructionTest$$anonfun$12.apply(FeatureConstructionTest.scala:165)
	at edu.gatech.cse6250.features.FeatureConstructionTest$$anonfun$12.apply(FeatureConstructionTest.scala:165)
	at org.scalatest.Transformer$$anonfun$apply$1.apply$mcV$sp(Transformer.scala:22)
	at org.scalatest.OutcomeOf$class.outcomeOf(OutcomeOf.scala:85)
	at org.scalatest.OutcomeOf$.outcomeOf(OutcomeOf.scala:104)
	at org.scalatest.Transformer.apply(Transformer.scala:22)
	at org.scalatest.Transformer.apply(Transformer.scala:20)
	at org.scalatest.FlatSpecLike$$anon$1.apply(FlatSpecLike.scala:1647)
	at org.scalatest.Suite$class.withFixture(Suite.scala:1122)
	at edu.gatech.cse6250.features.FeatureConstructionTest.org$scalatest$concurrent$TimeLimitedTests$$super$withFixture(FeatureConstructionTest.scala:18)
	at org.scalatest.concurrent.TimeLimitedTests$$anonfun$withFixture$1.apply(TimeLimitedTests.scala:136)
	at org.scalatest.concurrent.TimeLimitedTests$$anonfun$withFixture$1.apply(TimeLimitedTests.scala:136)
	at org.scalatest.concurrent.Timeouts$class.timeoutAfter(Timeouts.scala:326)
	at org.scalatest.concurrent.Timeouts$class.failAfter(Timeouts.scala:245)
	at org.scalatest.concurrent.Timeouts$.failAfter(Timeouts.scala:358)
	at org.scalatest.concurrent.TimeLimitedTests$class.withFixture(TimeLimitedTests.scala:137)
	at edu.gatech.cse6250.features.FeatureConstructionTest.withFixture(FeatureConstructionTest.scala:18)
	at org.scalatest.FlatSpecLike$class.invokeWithFixture$1(FlatSpecLike.scala:1644)
	at org.scalatest.FlatSpecLike$$anonfun$runTest$1.apply(FlatSpecLike.scala:1656)
	at org.scalatest.FlatSpecLike$$anonfun$runTest$1.apply(FlatSpecLike.scala:1656)
	at org.scalatest.SuperEngine.runTestImpl(Engine.scala:306)
	at org.scalatest.FlatSpecLike$class.runTest(FlatSpecLike.scala:1656)
	at edu.gatech.cse6250.features.FeatureConstructionTest.org$scalatest$BeforeAndAfter$$super$runTest(FeatureConstructionTest.scala:18)
	at org.scalatest.BeforeAndAfter$class.runTest(BeforeAndAfter.scala:200)
	at edu.gatech.cse6250.features.FeatureConstructionTest.runTest(FeatureConstructionTest.scala:18)
	at org.scalatest.FlatSpecLike$$anonfun$runTests$1.apply(FlatSpecLike.scala:1714)
	at org.scalatest.FlatSpecLike$$anonfun$runTests$1.apply(FlatSpecLike.scala:1714)
	at org.scalatest.SuperEngine$$anonfun$traverseSubNodes$1$1.apply(Engine.scala:413)
	at org.scalatest.SuperEngine$$anonfun$traverseSubNodes$1$1.apply(Engine.scala:401)
	at scala.collection.immutable.List.foreach(List.scala:392)
	at org.scalatest.SuperEngine.traverseSubNodes$1(Engine.scala:401)
	at org.scalatest.SuperEngine.org$scalatest$SuperEngine$$runTestsInBranch(Engine.scala:390)
	at org.scalatest.SuperEngine$$anonfun$traverseSubNodes$1$1.apply(Engine.scala:427)
	at org.scalatest.SuperEngine$$anonfun$traverseSubNodes$1$1.apply(Engine.scala:401)
	at scala.collection.immutable.List.foreach(List.scala:392)
	at org.scalatest.SuperEngine.traverseSubNodes$1(Engine.scala:401)
	at org.scalatest.SuperEngine.org$scalatest$SuperEngine$$runTestsInBranch(Engine.scala:396)
	at org.scalatest.SuperEngine.runTestsImpl(Engine.scala:483)
	at org.scalatest.FlatSpecLike$class.runTests(FlatSpecLike.scala:1714)
	at org.scalatest.FlatSpec.runTests(FlatSpec.scala:1683)
	at org.scalatest.Suite$class.run(Suite.scala:1424)
	at org.scalatest.FlatSpec.org$scalatest$FlatSpecLike$$super$run(FlatSpec.scala:1683)
	at org.scalatest.FlatSpecLike$$anonfun$run$1.apply(FlatSpecLike.scala:1760)
	at org.scalatest.FlatSpecLike$$anonfun$run$1.apply(FlatSpecLike.scala:1760)
	at org.scalatest.SuperEngine.runImpl(Engine.scala:545)
	at org.scalatest.FlatSpecLike$class.run(FlatSpecLike.scala:1760)
	at edu.gatech.cse6250.features.FeatureConstructionTest.org$scalatest$BeforeAndAfter$$super$run(FeatureConstructionTest.scala:18)
	at org.scalatest.BeforeAndAfter$class.run(BeforeAndAfter.scala:241)
	at edu.gatech.cse6250.features.FeatureConstructionTest.run(FeatureConstructionTest.scala:18)
	at org.scalatest.tools.Framework.org$scalatest$tools$Framework$$runSuite(Framework.scala:466)
	at org.scalatest.tools.Framework$ScalaTestTask.execute(Framework.scala:677)
	at sbt.ForkMain$Run.lambda$runTest$1(ForkMain.java:304)
	at java.util.concurrent.FutureTask.run(Unknown Source)
	at java.util.concurrent.ThreadPoolExecutor.runWorker(Unknown Source)
	at java.util.concurrent.ThreadPoolExecutor$Worker.run(Unknown Source)
	at java.lang.Thread.run(Unknown Source)
</failure>
                                               </testcase><testcase classname="edu.gatech.cse6250.features.FeatureConstructionTest" name="constructLabFeatureTuple should aggregate one event" time="0.01">
                                                 <failure message="org.scalatest.exceptions.TestFailedException: Array(((patient,lab),1.0)) was not equal to Array(((patient1,code1),42.0))" type="sbt.ForkMain$ForkError">sbt.ForkMain$ForkError: org.scalatest.exceptions.TestFailedException: Array(((patient,lab),1.0)) was not equal to Array(((patient1,code1),42.0))
	at org.scalatest.MatchersHelper$.newTestFailedException(MatchersHelper.scala:160)
	at org.scalatest.Matchers$ShouldMethodHelper$.shouldMatcher(Matchers.scala:6231)
	at org.scalatest.Matchers$AnyShouldWrapper.should(Matchers.scala:6265)
	at edu.gatech.cse6250.features.FeatureConstructionTest$$anonfun$13.apply$mcV$sp(FeatureConstructionTest.scala:192)
	at edu.gatech.cse6250.features.FeatureConstructionTest$$anonfun$13.apply(FeatureConstructionTest.scala:186)
	at edu.gatech.cse6250.features.FeatureConstructionTest$$anonfun$13.apply(FeatureConstructionTest.scala:186)
	at org.scalatest.Transformer$$anonfun$apply$1.apply$mcV$sp(Transformer.scala:22)
	at org.scalatest.OutcomeOf$class.outcomeOf(OutcomeOf.scala:85)
	at org.scalatest.OutcomeOf$.outcomeOf(OutcomeOf.scala:104)
	at org.scalatest.Transformer.apply(Transformer.scala:22)
	at org.scalatest.Transformer.apply(Transformer.scala:20)
	at org.scalatest.FlatSpecLike$$anon$1.apply(FlatSpecLike.scala:1647)
	at org.scalatest.Suite$class.withFixture(Suite.scala:1122)
	at edu.gatech.cse6250.features.FeatureConstructionTest.org$scalatest$concurrent$TimeLimitedTests$$super$withFixture(FeatureConstructionTest.scala:18)
	at org.scalatest.concurrent.TimeLimitedTests$$anonfun$withFixture$1.apply(TimeLimitedTests.scala:136)
	at org.scalatest.concurrent.TimeLimitedTests$$anonfun$withFixture$1.apply(TimeLimitedTests.scala:136)
	at org.scalatest.concurrent.Timeouts$class.timeoutAfter(Timeouts.scala:326)
	at org.scalatest.concurrent.Timeouts$class.failAfter(Timeouts.scala:245)
	at org.scalatest.concurrent.Timeouts$.failAfter(Timeouts.scala:358)
	at org.scalatest.concurrent.TimeLimitedTests$class.withFixture(TimeLimitedTests.scala:137)
	at edu.gatech.cse6250.features.FeatureConstructionTest.withFixture(FeatureConstructionTest.scala:18)
	at org.scalatest.FlatSpecLike$class.invokeWithFixture$1(FlatSpecLike.scala:1644)
	at org.scalatest.FlatSpecLike$$anonfun$runTest$1.apply(FlatSpecLike.scala:1656)
	at org.scalatest.FlatSpecLike$$anonfun$runTest$1.apply(FlatSpecLike.scala:1656)
	at org.scalatest.SuperEngine.runTestImpl(Engine.scala:306)
	at org.scalatest.FlatSpecLike$class.runTest(FlatSpecLike.scala:1656)
	at edu.gatech.cse6250.features.FeatureConstructionTest.org$scalatest$BeforeAndAfter$$super$runTest(FeatureConstructionTest.scala:18)
	at org.scalatest.BeforeAndAfter$class.runTest(BeforeAndAfter.scala:200)
	at edu.gatech.cse6250.features.FeatureConstructionTest.runTest(FeatureConstructionTest.scala:18)
	at org.scalatest.FlatSpecLike$$anonfun$runTests$1.apply(FlatSpecLike.scala:1714)
	at org.scalatest.FlatSpecLike$$anonfun$runTests$1.apply(FlatSpecLike.scala:1714)
	at org.scalatest.SuperEngine$$anonfun$traverseSubNodes$1$1.apply(Engine.scala:413)
	at org.scalatest.SuperEngine$$anonfun$traverseSubNodes$1$1.apply(Engine.scala:401)
	at scala.collection.immutable.List.foreach(List.scala:392)
	at org.scalatest.SuperEngine.traverseSubNodes$1(Engine.scala:401)
	at org.scalatest.SuperEngine.org$scalatest$SuperEngine$$runTestsInBranch(Engine.scala:390)
	at org.scalatest.SuperEngine$$anonfun$traverseSubNodes$1$1.apply(Engine.scala:427)
	at org.scalatest.SuperEngine$$anonfun$traverseSubNodes$1$1.apply(Engine.scala:401)
	at scala.collection.immutable.List.foreach(List.scala:392)
	at org.scalatest.SuperEngine.traverseSubNodes$1(Engine.scala:401)
	at org.scalatest.SuperEngine.org$scalatest$SuperEngine$$runTestsInBranch(Engine.scala:396)
	at org.scalatest.SuperEngine.runTestsImpl(Engine.scala:483)
	at org.scalatest.FlatSpecLike$class.runTests(FlatSpecLike.scala:1714)
	at org.scalatest.FlatSpec.runTests(FlatSpec.scala:1683)
	at org.scalatest.Suite$class.run(Suite.scala:1424)
	at org.scalatest.FlatSpec.org$scalatest$FlatSpecLike$$super$run(FlatSpec.scala:1683)
	at org.scalatest.FlatSpecLike$$anonfun$run$1.apply(FlatSpecLike.scala:1760)
	at org.scalatest.FlatSpecLike$$anonfun$run$1.apply(FlatSpecLike.scala:1760)
	at org.scalatest.SuperEngine.runImpl(Engine.scala:545)
	at org.scalatest.FlatSpecLike$class.run(FlatSpecLike.scala:1760)
	at edu.gatech.cse6250.features.FeatureConstructionTest.org$scalatest$BeforeAndAfter$$super$run(FeatureConstructionTest.scala:18)
	at org.scalatest.BeforeAndAfter$class.run(BeforeAndAfter.scala:241)
	at edu.gatech.cse6250.features.FeatureConstructionTest.run(FeatureConstructionTest.scala:18)
	at org.scalatest.tools.Framework.org$scalatest$tools$Framework$$runSuite(Framework.scala:466)
	at org.scalatest.tools.Framework$ScalaTestTask.execute(Framework.scala:677)
	at sbt.ForkMain$Run.lambda$runTest$1(ForkMain.java:304)
	at java.util.concurrent.FutureTask.run(Unknown Source)
	at java.util.concurrent.ThreadPoolExecutor.runWorker(Unknown Source)
	at java.util.concurrent.ThreadPoolExecutor$Worker.run(Unknown Source)
	at java.lang.Thread.run(Unknown Source)
</failure>
                                               </testcase><testcase classname="edu.gatech.cse6250.features.FeatureConstructionTest" name="constructLabFeatureTuple should aggregate two different events" time="0.012">
                                                 <failure message="org.scalatest.exceptions.TestFailedException: Map((patient,lab) -&gt; 1.0) was not equal to Map((patient1,code1) -&gt; 42.0, (patient1,code2) -&gt; 24.0)" type="sbt.ForkMain$ForkError">sbt.ForkMain$ForkError: org.scalatest.exceptions.TestFailedException: Map((patient,lab) -&gt; 1.0) was not equal to Map((patient1,code1) -&gt; 42.0, (patient1,code2) -&gt; 24.0)
	at org.scalatest.MatchersHelper$.newTestFailedException(MatchersHelper.scala:160)
	at org.scalatest.Matchers$ShouldMethodHelper$.shouldMatcher(Matchers.scala:6231)
	at org.scalatest.Matchers$AnyShouldWrapper.should(Matchers.scala:6265)
	at edu.gatech.cse6250.features.FeatureConstructionTest$$anonfun$14.apply$mcV$sp(FeatureConstructionTest.scala:205)
	at edu.gatech.cse6250.features.FeatureConstructionTest$$anonfun$14.apply(FeatureConstructionTest.scala:197)
	at edu.gatech.cse6250.features.FeatureConstructionTest$$anonfun$14.apply(FeatureConstructionTest.scala:197)
	at org.scalatest.Transformer$$anonfun$apply$1.apply$mcV$sp(Transformer.scala:22)
	at org.scalatest.OutcomeOf$class.outcomeOf(OutcomeOf.scala:85)
	at org.scalatest.OutcomeOf$.outcomeOf(OutcomeOf.scala:104)
	at org.scalatest.Transformer.apply(Transformer.scala:22)
	at org.scalatest.Transformer.apply(Transformer.scala:20)
	at org.scalatest.FlatSpecLike$$anon$1.apply(FlatSpecLike.scala:1647)
	at org.scalatest.Suite$class.withFixture(Suite.scala:1122)
	at edu.gatech.cse6250.features.FeatureConstructionTest.org$scalatest$concurrent$TimeLimitedTests$$super$withFixture(FeatureConstructionTest.scala:18)
	at org.scalatest.concurrent.TimeLimitedTests$$anonfun$withFixture$1.apply(TimeLimitedTests.scala:136)
	at org.scalatest.concurrent.TimeLimitedTests$$anonfun$withFixture$1.apply(TimeLimitedTests.scala:136)
	at org.scalatest.concurrent.Timeouts$class.timeoutAfter(Timeouts.scala:326)
	at org.scalatest.concurrent.Timeouts$class.failAfter(Timeouts.scala:245)
	at org.scalatest.concurrent.Timeouts$.failAfter(Timeouts.scala:358)
	at org.scalatest.concurrent.TimeLimitedTests$class.withFixture(TimeLimitedTests.scala:137)
	at edu.gatech.cse6250.features.FeatureConstructionTest.withFixture(FeatureConstructionTest.scala:18)
	at org.scalatest.FlatSpecLike$class.invokeWithFixture$1(FlatSpecLike.scala:1644)
	at org.scalatest.FlatSpecLike$$anonfun$runTest$1.apply(FlatSpecLike.scala:1656)
	at org.scalatest.FlatSpecLike$$anonfun$runTest$1.apply(FlatSpecLike.scala:1656)
	at org.scalatest.SuperEngine.runTestImpl(Engine.scala:306)
	at org.scalatest.FlatSpecLike$class.runTest(FlatSpecLike.scala:1656)
	at edu.gatech.cse6250.features.FeatureConstructionTest.org$scalatest$BeforeAndAfter$$super$runTest(FeatureConstructionTest.scala:18)
	at org.scalatest.BeforeAndAfter$class.runTest(BeforeAndAfter.scala:200)
	at edu.gatech.cse6250.features.FeatureConstructionTest.runTest(FeatureConstructionTest.scala:18)
	at org.scalatest.FlatSpecLike$$anonfun$runTests$1.apply(FlatSpecLike.scala:1714)
	at org.scalatest.FlatSpecLike$$anonfun$runTests$1.apply(FlatSpecLike.scala:1714)
	at org.scalatest.SuperEngine$$anonfun$traverseSubNodes$1$1.apply(Engine.scala:413)
	at org.scalatest.SuperEngine$$anonfun$traverseSubNodes$1$1.apply(Engine.scala:401)
	at scala.collection.immutable.List.foreach(List.scala:392)
	at org.scalatest.SuperEngine.traverseSubNodes$1(Engine.scala:401)
	at org.scalatest.SuperEngine.org$scalatest$SuperEngine$$runTestsInBranch(Engine.scala:390)
	at org.scalatest.SuperEngine$$anonfun$traverseSubNodes$1$1.apply(Engine.scala:427)
	at org.scalatest.SuperEngine$$anonfun$traverseSubNodes$1$1.apply(Engine.scala:401)
	at scala.collection.immutable.List.foreach(List.scala:392)
	at org.scalatest.SuperEngine.traverseSubNodes$1(Engine.scala:401)
	at org.scalatest.SuperEngine.org$scalatest$SuperEngine$$runTestsInBranch(Engine.scala:396)
	at org.scalatest.SuperEngine.runTestsImpl(Engine.scala:483)
	at org.scalatest.FlatSpecLike$class.runTests(FlatSpecLike.scala:1714)
	at org.scalatest.FlatSpec.runTests(FlatSpec.scala:1683)
	at org.scalatest.Suite$class.run(Suite.scala:1424)
	at org.scalatest.FlatSpec.org$scalatest$FlatSpecLike$$super$run(FlatSpec.scala:1683)
	at org.scalatest.FlatSpecLike$$anonfun$run$1.apply(FlatSpecLike.scala:1760)
	at org.scalatest.FlatSpecLike$$anonfun$run$1.apply(FlatSpecLike.scala:1760)
	at org.scalatest.SuperEngine.runImpl(Engine.scala:545)
	at org.scalatest.FlatSpecLike$class.run(FlatSpecLike.scala:1760)
	at edu.gatech.cse6250.features.FeatureConstructionTest.org$scalatest$BeforeAndAfter$$super$run(FeatureConstructionTest.scala:18)
	at org.scalatest.BeforeAndAfter$class.run(BeforeAndAfter.scala:241)
	at edu.gatech.cse6250.features.FeatureConstructionTest.run(FeatureConstructionTest.scala:18)
	at org.scalatest.tools.Framework.org$scalatest$tools$Framework$$runSuite(Framework.scala:466)
	at org.scalatest.tools.Framework$ScalaTestTask.execute(Framework.scala:677)
	at sbt.ForkMain$Run.lambda$runTest$1(ForkMain.java:304)
	at java.util.concurrent.FutureTask.run(Unknown Source)
	at java.util.concurrent.ThreadPoolExecutor.runWorker(Unknown Source)
	at java.util.concurrent.ThreadPoolExecutor$Worker.run(Unknown Source)
	at java.lang.Thread.run(Unknown Source)
</failure>
                                               </testcase><testcase classname="edu.gatech.cse6250.features.FeatureConstructionTest" name="constructLabFeatureTuple should aggregate two same events" time="0.013">
                                                 <failure message="org.scalatest.exceptions.TestFailedException: Array(((patient,lab),1.0)) was not equal to Array(((patient1,code1),33.0))" type="sbt.ForkMain$ForkError">sbt.ForkMain$ForkError: org.scalatest.exceptions.TestFailedException: Array(((patient,lab),1.0)) was not equal to Array(((patient1,code1),33.0))
	at org.scalatest.MatchersHelper$.newTestFailedException(MatchersHelper.scala:160)
	at org.scalatest.Matchers$ShouldMethodHelper$.shouldMatcher(Matchers.scala:6231)
	at org.scalatest.Matchers$AnyShouldWrapper.should(Matchers.scala:6265)
	at edu.gatech.cse6250.features.FeatureConstructionTest$$anonfun$15.apply$mcV$sp(FeatureConstructionTest.scala:217)
	at edu.gatech.cse6250.features.FeatureConstructionTest$$anonfun$15.apply(FeatureConstructionTest.scala:210)
	at edu.gatech.cse6250.features.FeatureConstructionTest$$anonfun$15.apply(FeatureConstructionTest.scala:210)
	at org.scalatest.Transformer$$anonfun$apply$1.apply$mcV$sp(Transformer.scala:22)
	at org.scalatest.OutcomeOf$class.outcomeOf(OutcomeOf.scala:85)
	at org.scalatest.OutcomeOf$.outcomeOf(OutcomeOf.scala:104)
	at org.scalatest.Transformer.apply(Transformer.scala:22)
	at org.scalatest.Transformer.apply(Transformer.scala:20)
	at org.scalatest.FlatSpecLike$$anon$1.apply(FlatSpecLike.scala:1647)
	at org.scalatest.Suite$class.withFixture(Suite.scala:1122)
	at edu.gatech.cse6250.features.FeatureConstructionTest.org$scalatest$concurrent$TimeLimitedTests$$super$withFixture(FeatureConstructionTest.scala:18)
	at org.scalatest.concurrent.TimeLimitedTests$$anonfun$withFixture$1.apply(TimeLimitedTests.scala:136)
	at org.scalatest.concurrent.TimeLimitedTests$$anonfun$withFixture$1.apply(TimeLimitedTests.scala:136)
	at org.scalatest.concurrent.Timeouts$class.timeoutAfter(Timeouts.scala:326)
	at org.scalatest.concurrent.Timeouts$class.failAfter(Timeouts.scala:245)
	at org.scalatest.concurrent.Timeouts$.failAfter(Timeouts.scala:358)
	at org.scalatest.concurrent.TimeLimitedTests$class.withFixture(TimeLimitedTests.scala:137)
	at edu.gatech.cse6250.features.FeatureConstructionTest.withFixture(FeatureConstructionTest.scala:18)
	at org.scalatest.FlatSpecLike$class.invokeWithFixture$1(FlatSpecLike.scala:1644)
	at org.scalatest.FlatSpecLike$$anonfun$runTest$1.apply(FlatSpecLike.scala:1656)
	at org.scalatest.FlatSpecLike$$anonfun$runTest$1.apply(FlatSpecLike.scala:1656)
	at org.scalatest.SuperEngine.runTestImpl(Engine.scala:306)
	at org.scalatest.FlatSpecLike$class.runTest(FlatSpecLike.scala:1656)
	at edu.gatech.cse6250.features.FeatureConstructionTest.org$scalatest$BeforeAndAfter$$super$runTest(FeatureConstructionTest.scala:18)
	at org.scalatest.BeforeAndAfter$class.runTest(BeforeAndAfter.scala:200)
	at edu.gatech.cse6250.features.FeatureConstructionTest.runTest(FeatureConstructionTest.scala:18)
	at org.scalatest.FlatSpecLike$$anonfun$runTests$1.apply(FlatSpecLike.scala:1714)
	at org.scalatest.FlatSpecLike$$anonfun$runTests$1.apply(FlatSpecLike.scala:1714)
	at org.scalatest.SuperEngine$$anonfun$traverseSubNodes$1$1.apply(Engine.scala:413)
	at org.scalatest.SuperEngine$$anonfun$traverseSubNodes$1$1.apply(Engine.scala:401)
	at scala.collection.immutable.List.foreach(List.scala:392)
	at org.scalatest.SuperEngine.traverseSubNodes$1(Engine.scala:401)
	at org.scalatest.SuperEngine.org$scalatest$SuperEngine$$runTestsInBranch(Engine.scala:390)
	at org.scalatest.SuperEngine$$anonfun$traverseSubNodes$1$1.apply(Engine.scala:427)
	at org.scalatest.SuperEngine$$anonfun$traverseSubNodes$1$1.apply(Engine.scala:401)
	at scala.collection.immutable.List.foreach(List.scala:392)
	at org.scalatest.SuperEngine.traverseSubNodes$1(Engine.scala:401)
	at org.scalatest.SuperEngine.org$scalatest$SuperEngine$$runTestsInBranch(Engine.scala:396)
	at org.scalatest.SuperEngine.runTestsImpl(Engine.scala:483)
	at org.scalatest.FlatSpecLike$class.runTests(FlatSpecLike.scala:1714)
	at org.scalatest.FlatSpec.runTests(FlatSpec.scala:1683)
	at org.scalatest.Suite$class.run(Suite.scala:1424)
	at org.scalatest.FlatSpec.org$scalatest$FlatSpecLike$$super$run(FlatSpec.scala:1683)
	at org.scalatest.FlatSpecLike$$anonfun$run$1.apply(FlatSpecLike.scala:1760)
	at org.scalatest.FlatSpecLike$$anonfun$run$1.apply(FlatSpecLike.scala:1760)
	at org.scalatest.SuperEngine.runImpl(Engine.scala:545)
	at org.scalatest.FlatSpecLike$class.run(FlatSpecLike.scala:1760)
	at edu.gatech.cse6250.features.FeatureConstructionTest.org$scalatest$BeforeAndAfter$$super$run(FeatureConstructionTest.scala:18)
	at org.scalatest.BeforeAndAfter$class.run(BeforeAndAfter.scala:241)
	at edu.gatech.cse6250.features.FeatureConstructionTest.run(FeatureConstructionTest.scala:18)
	at org.scalatest.tools.Framework.org$scalatest$tools$Framework$$runSuite(Framework.scala:466)
	at org.scalatest.tools.Framework$ScalaTestTask.execute(Framework.scala:677)
	at sbt.ForkMain$Run.lambda$runTest$1(ForkMain.java:304)
	at java.util.concurrent.FutureTask.run(Unknown Source)
	at java.util.concurrent.ThreadPoolExecutor.runWorker(Unknown Source)
	at java.util.concurrent.ThreadPoolExecutor$Worker.run(Unknown Source)
	at java.lang.Thread.run(Unknown Source)
</failure>
                                               </testcase><testcase classname="edu.gatech.cse6250.features.FeatureConstructionTest" name="constructLabFeatureTuple should aggregate three events with duplication" time="0.013">
                                                 <failure message="org.scalatest.exceptions.TestFailedException: Map((patient,lab) -&gt; 1.0) was not equal to Map((patient1,code1) -&gt; 33.0, (patient1,code2) -&gt; 7475.0)" type="sbt.ForkMain$ForkError">sbt.ForkMain$ForkError: org.scalatest.exceptions.TestFailedException: Map((patient,lab) -&gt; 1.0) was not equal to Map((patient1,code1) -&gt; 33.0, (patient1,code2) -&gt; 7475.0)
	at org.scalatest.MatchersHelper$.newTestFailedException(MatchersHelper.scala:160)
	at org.scalatest.Matchers$ShouldMethodHelper$.shouldMatcher(Matchers.scala:6231)
	at org.scalatest.Matchers$AnyShouldWrapper.should(Matchers.scala:6265)
	at edu.gatech.cse6250.features.FeatureConstructionTest$$anonfun$16.apply$mcV$sp(FeatureConstructionTest.scala:231)
	at edu.gatech.cse6250.features.FeatureConstructionTest$$anonfun$16.apply(FeatureConstructionTest.scala:222)
	at edu.gatech.cse6250.features.FeatureConstructionTest$$anonfun$16.apply(FeatureConstructionTest.scala:222)
	at org.scalatest.Transformer$$anonfun$apply$1.apply$mcV$sp(Transformer.scala:22)
	at org.scalatest.OutcomeOf$class.outcomeOf(OutcomeOf.scala:85)
	at org.scalatest.OutcomeOf$.outcomeOf(OutcomeOf.scala:104)
	at org.scalatest.Transformer.apply(Transformer.scala:22)
	at org.scalatest.Transformer.apply(Transformer.scala:20)
	at org.scalatest.FlatSpecLike$$anon$1.apply(FlatSpecLike.scala:1647)
	at org.scalatest.Suite$class.withFixture(Suite.scala:1122)
	at edu.gatech.cse6250.features.FeatureConstructionTest.org$scalatest$concurrent$TimeLimitedTests$$super$withFixture(FeatureConstructionTest.scala:18)
	at org.scalatest.concurrent.TimeLimitedTests$$anonfun$withFixture$1.apply(TimeLimitedTests.scala:136)
	at org.scalatest.concurrent.TimeLimitedTests$$anonfun$withFixture$1.apply(TimeLimitedTests.scala:136)
	at org.scalatest.concurrent.Timeouts$class.timeoutAfter(Timeouts.scala:326)
	at org.scalatest.concurrent.Timeouts$class.failAfter(Timeouts.scala:245)
	at org.scalatest.concurrent.Timeouts$.failAfter(Timeouts.scala:358)
	at org.scalatest.concurrent.TimeLimitedTests$class.withFixture(TimeLimitedTests.scala:137)
	at edu.gatech.cse6250.features.FeatureConstructionTest.withFixture(FeatureConstructionTest.scala:18)
	at org.scalatest.FlatSpecLike$class.invokeWithFixture$1(FlatSpecLike.scala:1644)
	at org.scalatest.FlatSpecLike$$anonfun$runTest$1.apply(FlatSpecLike.scala:1656)
	at org.scalatest.FlatSpecLike$$anonfun$runTest$1.apply(FlatSpecLike.scala:1656)
	at org.scalatest.SuperEngine.runTestImpl(Engine.scala:306)
	at org.scalatest.FlatSpecLike$class.runTest(FlatSpecLike.scala:1656)
	at edu.gatech.cse6250.features.FeatureConstructionTest.org$scalatest$BeforeAndAfter$$super$runTest(FeatureConstructionTest.scala:18)
	at org.scalatest.BeforeAndAfter$class.runTest(BeforeAndAfter.scala:200)
	at edu.gatech.cse6250.features.FeatureConstructionTest.runTest(FeatureConstructionTest.scala:18)
	at org.scalatest.FlatSpecLike$$anonfun$runTests$1.apply(FlatSpecLike.scala:1714)
	at org.scalatest.FlatSpecLike$$anonfun$runTests$1.apply(FlatSpecLike.scala:1714)
	at org.scalatest.SuperEngine$$anonfun$traverseSubNodes$1$1.apply(Engine.scala:413)
	at org.scalatest.SuperEngine$$anonfun$traverseSubNodes$1$1.apply(Engine.scala:401)
	at scala.collection.immutable.List.foreach(List.scala:392)
	at org.scalatest.SuperEngine.traverseSubNodes$1(Engine.scala:401)
	at org.scalatest.SuperEngine.org$scalatest$SuperEngine$$runTestsInBranch(Engine.scala:390)
	at org.scalatest.SuperEngine$$anonfun$traverseSubNodes$1$1.apply(Engine.scala:427)
	at org.scalatest.SuperEngine$$anonfun$traverseSubNodes$1$1.apply(Engine.scala:401)
	at scala.collection.immutable.List.foreach(List.scala:392)
	at org.scalatest.SuperEngine.traverseSubNodes$1(Engine.scala:401)
	at org.scalatest.SuperEngine.org$scalatest$SuperEngine$$runTestsInBranch(Engine.scala:396)
	at org.scalatest.SuperEngine.runTestsImpl(Engine.scala:483)
	at org.scalatest.FlatSpecLike$class.runTests(FlatSpecLike.scala:1714)
	at org.scalatest.FlatSpec.runTests(FlatSpec.scala:1683)
	at org.scalatest.Suite$class.run(Suite.scala:1424)
	at org.scalatest.FlatSpec.org$scalatest$FlatSpecLike$$super$run(FlatSpec.scala:1683)
	at org.scalatest.FlatSpecLike$$anonfun$run$1.apply(FlatSpecLike.scala:1760)
	at org.scalatest.FlatSpecLike$$anonfun$run$1.apply(FlatSpecLike.scala:1760)
	at org.scalatest.SuperEngine.runImpl(Engine.scala:545)
	at org.scalatest.FlatSpecLike$class.run(FlatSpecLike.scala:1760)
	at edu.gatech.cse6250.features.FeatureConstructionTest.org$scalatest$BeforeAndAfter$$super$run(FeatureConstructionTest.scala:18)
	at org.scalatest.BeforeAndAfter$class.run(BeforeAndAfter.scala:241)
	at edu.gatech.cse6250.features.FeatureConstructionTest.run(FeatureConstructionTest.scala:18)
	at org.scalatest.tools.Framework.org$scalatest$tools$Framework$$runSuite(Framework.scala:466)
	at org.scalatest.tools.Framework$ScalaTestTask.execute(Framework.scala:677)
	at sbt.ForkMain$Run.lambda$runTest$1(ForkMain.java:304)
	at java.util.concurrent.FutureTask.run(Unknown Source)
	at java.util.concurrent.ThreadPoolExecutor.runWorker(Unknown Source)
	at java.util.concurrent.ThreadPoolExecutor$Worker.run(Unknown Source)
	at java.lang.Thread.run(Unknown Source)
</failure>
                                               </testcase><testcase classname="edu.gatech.cse6250.features.FeatureConstructionTest" name="constructLabFeatureTuple should filter" time="0.013">
                                                 <failure message="org.scalatest.exceptions.TestFailedException: Array(((patient,lab),1.0)) was not equal to Array(((patient1,code2),7475.0))" type="sbt.ForkMain$ForkError">sbt.ForkMain$ForkError: org.scalatest.exceptions.TestFailedException: Array(((patient,lab),1.0)) was not equal to Array(((patient1,code2),7475.0))
	at org.scalatest.MatchersHelper$.newTestFailedException(MatchersHelper.scala:160)
	at org.scalatest.Matchers$ShouldMethodHelper$.shouldMatcher(Matchers.scala:6231)
	at org.scalatest.Matchers$AnyShouldWrapper.should(Matchers.scala:6265)
	at edu.gatech.cse6250.features.FeatureConstructionTest$$anonfun$17.apply$mcV$sp(FeatureConstructionTest.scala:244)
	at edu.gatech.cse6250.features.FeatureConstructionTest$$anonfun$17.apply(FeatureConstructionTest.scala:236)
	at edu.gatech.cse6250.features.FeatureConstructionTest$$anonfun$17.apply(FeatureConstructionTest.scala:236)
	at org.scalatest.Transformer$$anonfun$apply$1.apply$mcV$sp(Transformer.scala:22)
	at org.scalatest.OutcomeOf$class.outcomeOf(OutcomeOf.scala:85)
	at org.scalatest.OutcomeOf$.outcomeOf(OutcomeOf.scala:104)
	at org.scalatest.Transformer.apply(Transformer.scala:22)
	at org.scalatest.Transformer.apply(Transformer.scala:20)
	at org.scalatest.FlatSpecLike$$anon$1.apply(FlatSpecLike.scala:1647)
	at org.scalatest.Suite$class.withFixture(Suite.scala:1122)
	at edu.gatech.cse6250.features.FeatureConstructionTest.org$scalatest$concurrent$TimeLimitedTests$$super$withFixture(FeatureConstructionTest.scala:18)
	at org.scalatest.concurrent.TimeLimitedTests$$anonfun$withFixture$1.apply(TimeLimitedTests.scala:136)
	at org.scalatest.concurrent.TimeLimitedTests$$anonfun$withFixture$1.apply(TimeLimitedTests.scala:136)
	at org.scalatest.concurrent.Timeouts$class.timeoutAfter(Timeouts.scala:326)
	at org.scalatest.concurrent.Timeouts$class.failAfter(Timeouts.scala:245)
	at org.scalatest.concurrent.Timeouts$.failAfter(Timeouts.scala:358)
	at org.scalatest.concurrent.TimeLimitedTests$class.withFixture(TimeLimitedTests.scala:137)
	at edu.gatech.cse6250.features.FeatureConstructionTest.withFixture(FeatureConstructionTest.scala:18)
	at org.scalatest.FlatSpecLike$class.invokeWithFixture$1(FlatSpecLike.scala:1644)
	at org.scalatest.FlatSpecLike$$anonfun$runTest$1.apply(FlatSpecLike.scala:1656)
	at org.scalatest.FlatSpecLike$$anonfun$runTest$1.apply(FlatSpecLike.scala:1656)
	at org.scalatest.SuperEngine.runTestImpl(Engine.scala:306)
	at org.scalatest.FlatSpecLike$class.runTest(FlatSpecLike.scala:1656)
	at edu.gatech.cse6250.features.FeatureConstructionTest.org$scalatest$BeforeAndAfter$$super$runTest(FeatureConstructionTest.scala:18)
	at org.scalatest.BeforeAndAfter$class.runTest(BeforeAndAfter.scala:200)
	at edu.gatech.cse6250.features.FeatureConstructionTest.runTest(FeatureConstructionTest.scala:18)
	at org.scalatest.FlatSpecLike$$anonfun$runTests$1.apply(FlatSpecLike.scala:1714)
	at org.scalatest.FlatSpecLike$$anonfun$runTests$1.apply(FlatSpecLike.scala:1714)
	at org.scalatest.SuperEngine$$anonfun$traverseSubNodes$1$1.apply(Engine.scala:413)
	at org.scalatest.SuperEngine$$anonfun$traverseSubNodes$1$1.apply(Engine.scala:401)
	at scala.collection.immutable.List.foreach(List.scala:392)
	at org.scalatest.SuperEngine.traverseSubNodes$1(Engine.scala:401)
	at org.scalatest.SuperEngine.org$scalatest$SuperEngine$$runTestsInBranch(Engine.scala:390)
	at org.scalatest.SuperEngine$$anonfun$traverseSubNodes$1$1.apply(Engine.scala:427)
	at org.scalatest.SuperEngine$$anonfun$traverseSubNodes$1$1.apply(Engine.scala:401)
	at scala.collection.immutable.List.foreach(List.scala:392)
	at org.scalatest.SuperEngine.traverseSubNodes$1(Engine.scala:401)
	at org.scalatest.SuperEngine.org$scalatest$SuperEngine$$runTestsInBranch(Engine.scala:396)
	at org.scalatest.SuperEngine.runTestsImpl(Engine.scala:483)
	at org.scalatest.FlatSpecLike$class.runTests(FlatSpecLike.scala:1714)
	at org.scalatest.FlatSpec.runTests(FlatSpec.scala:1683)
	at org.scalatest.Suite$class.run(Suite.scala:1424)
	at org.scalatest.FlatSpec.org$scalatest$FlatSpecLike$$super$run(FlatSpec.scala:1683)
	at org.scalatest.FlatSpecLike$$anonfun$run$1.apply(FlatSpecLike.scala:1760)
	at org.scalatest.FlatSpecLike$$anonfun$run$1.apply(FlatSpecLike.scala:1760)
	at org.scalatest.SuperEngine.runImpl(Engine.scala:545)
	at org.scalatest.FlatSpecLike$class.run(FlatSpecLike.scala:1760)
	at edu.gatech.cse6250.features.FeatureConstructionTest.org$scalatest$BeforeAndAfter$$super$run(FeatureConstructionTest.scala:18)
	at org.scalatest.BeforeAndAfter$class.run(BeforeAndAfter.scala:241)
	at edu.gatech.cse6250.features.FeatureConstructionTest.run(FeatureConstructionTest.scala:18)
	at org.scalatest.tools.Framework.org$scalatest$tools$Framework$$runSuite(Framework.scala:466)
	at org.scalatest.tools.Framework$ScalaTestTask.execute(Framework.scala:677)
	at sbt.ForkMain$Run.lambda$runTest$1(ForkMain.java:304)
	at java.util.concurrent.FutureTask.run(Unknown Source)
	at java.util.concurrent.ThreadPoolExecutor.runWorker(Unknown Source)
	at java.util.concurrent.ThreadPoolExecutor$Worker.run(Unknown Source)
	at java.lang.Thread.run(Unknown Source)
</failure>
                                               </testcase><testcase classname="edu.gatech.cse6250.features.FeatureConstructionTest" name="construct should give unique ID to codes" time="0.033">
                                                 <failure message="org.scalatest.exceptions.TestFailedException: Array((Patient-NO-1,[1.0,2.0,3.0,4.0,5.0,6.0,7.0,8.0,9.0,10.0]), (Patient-NO-2,[1.0,2.0,3.0,4.0,5.0,6.0,7.0,8.0,9.0,10.0]), (Patient-NO-3,[1.0,2.0,3.0,4.0,5.0,6.0,7.0,8.0,9.0,10.0]), (Patient-NO-4,[1.0,2.0,3.0,4.0,5.0,6.0,7.0,8.0,9.0,10.0]), (Patient-NO-5,[1.0,2.0,3.0,4.0,5.0,6.0,7.0,8.0,9.0,10.0]), (Patient-NO-6,[1.0,2.0,3.0,4.0,5.0,6.0,7.0,8.0,9.0,10.0]), (Patient-NO-7,[1.0,2.0,3.0,4.0,5.0,6.0,7.0,8.0,9.0,10.0]), (Patient-NO-8,[1.0,2.0,3.0,4.0,5.0,6.0,7.0,8.0,9.0,10.0]), (Patient-NO-9,[1.0,2.0,3.0,4.0,5.0,6.0,7.0,8.0,9.0,10.0]), (Patient-NO-10,[1.0,2.0,3.0,4.0,5.0,6.0,7.0,8.0,9.0,10.0])) was not equal to Array((patient1,[24.0,42.0]))" type="sbt.ForkMain$ForkError">sbt.ForkMain$ForkError: org.scalatest.exceptions.TestFailedException: Array((Patient-NO-1,[1.0,2.0,3.0,4.0,5.0,6.0,7.0,8.0,9.0,10.0]), (Patient-NO-2,[1.0,2.0,3.0,4.0,5.0,6.0,7.0,8.0,9.0,10.0]), (Patient-NO-3,[1.0,2.0,3.0,4.0,5.0,6.0,7.0,8.0,9.0,10.0]), (Patient-NO-4,[1.0,2.0,3.0,4.0,5.0,6.0,7.0,8.0,9.0,10.0]), (Patient-NO-5,[1.0,2.0,3.0,4.0,5.0,6.0,7.0,8.0,9.0,10.0]), (Patient-NO-6,[1.0,2.0,3.0,4.0,5.0,6.0,7.0,8.0,9.0,10.0]), (Patient-NO-7,[1.0,2.0,3.0,4.0,5.0,6.0,7.0,8.0,9.0,10.0]), (Patient-NO-8,[1.0,2.0,3.0,4.0,5.0,6.0,7.0,8.0,9.0,10.0]), (Patient-NO-9,[1.0,2.0,3.0,4.0,5.0,6.0,7.0,8.0,9.0,10.0]), (Patient-NO-10,[1.0,2.0,3.0,4.0,5.0,6.0,7.0,8.0,9.0,10.0])) was not equal to Array((patient1,[24.0,42.0]))
	at org.scalatest.MatchersHelper$.newTestFailedException(MatchersHelper.scala:160)
	at org.scalatest.Matchers$ShouldMethodHelper$.shouldMatcher(Matchers.scala:6231)
	at org.scalatest.Matchers$AnyShouldWrapper.should(Matchers.scala:6265)
	at edu.gatech.cse6250.features.FeatureConstructionTest$$anonfun$18.apply$mcV$sp(FeatureConstructionTest.scala:263)
	at edu.gatech.cse6250.features.FeatureConstructionTest$$anonfun$18.apply(FeatureConstructionTest.scala:257)
	at edu.gatech.cse6250.features.FeatureConstructionTest$$anonfun$18.apply(FeatureConstructionTest.scala:257)
	at org.scalatest.Transformer$$anonfun$apply$1.apply$mcV$sp(Transformer.scala:22)
	at org.scalatest.OutcomeOf$class.outcomeOf(OutcomeOf.scala:85)
	at org.scalatest.OutcomeOf$.outcomeOf(OutcomeOf.scala:104)
	at org.scalatest.Transformer.apply(Transformer.scala:22)
	at org.scalatest.Transformer.apply(Transformer.scala:20)
	at org.scalatest.FlatSpecLike$$anon$1.apply(FlatSpecLike.scala:1647)
	at org.scalatest.Suite$class.withFixture(Suite.scala:1122)
	at edu.gatech.cse6250.features.FeatureConstructionTest.org$scalatest$concurrent$TimeLimitedTests$$super$withFixture(FeatureConstructionTest.scala:18)
	at org.scalatest.concurrent.TimeLimitedTests$$anonfun$withFixture$1.apply(TimeLimitedTests.scala:136)
	at org.scalatest.concurrent.TimeLimitedTests$$anonfun$withFixture$1.apply(TimeLimitedTests.scala:136)
	at org.scalatest.concurrent.Timeouts$class.timeoutAfter(Timeouts.scala:326)
	at org.scalatest.concurrent.Timeouts$class.failAfter(Timeouts.scala:245)
	at org.scalatest.concurrent.Timeouts$.failAfter(Timeouts.scala:358)
	at org.scalatest.concurrent.TimeLimitedTests$class.withFixture(TimeLimitedTests.scala:137)
	at edu.gatech.cse6250.features.FeatureConstructionTest.withFixture(FeatureConstructionTest.scala:18)
	at org.scalatest.FlatSpecLike$class.invokeWithFixture$1(FlatSpecLike.scala:1644)
	at org.scalatest.FlatSpecLike$$anonfun$runTest$1.apply(FlatSpecLike.scala:1656)
	at org.scalatest.FlatSpecLike$$anonfun$runTest$1.apply(FlatSpecLike.scala:1656)
	at org.scalatest.SuperEngine.runTestImpl(Engine.scala:306)
	at org.scalatest.FlatSpecLike$class.runTest(FlatSpecLike.scala:1656)
	at edu.gatech.cse6250.features.FeatureConstructionTest.org$scalatest$BeforeAndAfter$$super$runTest(FeatureConstructionTest.scala:18)
	at org.scalatest.BeforeAndAfter$class.runTest(BeforeAndAfter.scala:200)
	at edu.gatech.cse6250.features.FeatureConstructionTest.runTest(FeatureConstructionTest.scala:18)
	at org.scalatest.FlatSpecLike$$anonfun$runTests$1.apply(FlatSpecLike.scala:1714)
	at org.scalatest.FlatSpecLike$$anonfun$runTests$1.apply(FlatSpecLike.scala:1714)
	at org.scalatest.SuperEngine$$anonfun$traverseSubNodes$1$1.apply(Engine.scala:413)
	at org.scalatest.SuperEngine$$anonfun$traverseSubNodes$1$1.apply(Engine.scala:401)
	at scala.collection.immutable.List.foreach(List.scala:392)
	at org.scalatest.SuperEngine.traverseSubNodes$1(Engine.scala:401)
	at org.scalatest.SuperEngine.org$scalatest$SuperEngine$$runTestsInBranch(Engine.scala:390)
	at org.scalatest.SuperEngine$$anonfun$traverseSubNodes$1$1.apply(Engine.scala:427)
	at org.scalatest.SuperEngine$$anonfun$traverseSubNodes$1$1.apply(Engine.scala:401)
	at scala.collection.immutable.List.foreach(List.scala:392)
	at org.scalatest.SuperEngine.traverseSubNodes$1(Engine.scala:401)
	at org.scalatest.SuperEngine.org$scalatest$SuperEngine$$runTestsInBranch(Engine.scala:396)
	at org.scalatest.SuperEngine.runTestsImpl(Engine.scala:483)
	at org.scalatest.FlatSpecLike$class.runTests(FlatSpecLike.scala:1714)
	at org.scalatest.FlatSpec.runTests(FlatSpec.scala:1683)
	at org.scalatest.Suite$class.run(Suite.scala:1424)
	at org.scalatest.FlatSpec.org$scalatest$FlatSpecLike$$super$run(FlatSpec.scala:1683)
	at org.scalatest.FlatSpecLike$$anonfun$run$1.apply(FlatSpecLike.scala:1760)
	at org.scalatest.FlatSpecLike$$anonfun$run$1.apply(FlatSpecLike.scala:1760)
	at org.scalatest.SuperEngine.runImpl(Engine.scala:545)
	at org.scalatest.FlatSpecLike$class.run(FlatSpecLike.scala:1760)
	at edu.gatech.cse6250.features.FeatureConstructionTest.org$scalatest$BeforeAndAfter$$super$run(FeatureConstructionTest.scala:18)
	at org.scalatest.BeforeAndAfter$class.run(BeforeAndAfter.scala:241)
	at edu.gatech.cse6250.features.FeatureConstructionTest.run(FeatureConstructionTest.scala:18)
	at org.scalatest.tools.Framework.org$scalatest$tools$Framework$$runSuite(Framework.scala:466)
	at org.scalatest.tools.Framework$ScalaTestTask.execute(Framework.scala:677)
	at sbt.ForkMain$Run.lambda$runTest$1(ForkMain.java:304)
	at java.util.concurrent.FutureTask.run(Unknown Source)
	at java.util.concurrent.ThreadPoolExecutor.runWorker(Unknown Source)
	at java.util.concurrent.ThreadPoolExecutor$Worker.run(Unknown Source)
	at java.lang.Thread.run(Unknown Source)
</failure>
                                               </testcase><testcase classname="edu.gatech.cse6250.features.FeatureConstructionTest" name="construct should give sparse vectors" time="0.013">
                                                 <failure message="org.scalatest.exceptions.TestFailedException: Map(&quot;Patient-NO-10&quot; -&gt; [1.0,2.0,3.0,4.0,5.0,6.0,7.0,8.0,9.0,10.0], &quot;Patient-NO-8&quot; -&gt; [1.0,2.0,3.0,4.0,5.0,6.0,7.0,8.0,9.0,10.0], &quot;Patient-NO-2&quot; -&gt; [1.0,2.0,3.0,4.0,5.0,6.0,7.0,8.0,9.0,10.0], &quot;Patient-NO-5&quot; -&gt; [1.0,2.0,3.0,4.0,5.0,6.0,7.0,8.0,9.0,10.0], &quot;Patient-NO-4&quot; -&gt; [1.0,2.0,3.0,4.0,5.0,6.0,7.0,8.0,9.0,10.0], &quot;Patient-NO-7&quot; -&gt; [1.0,2.0,3.0,4.0,5.0,6.0,7.0,8.0,9.0,10.0], &quot;Patient-NO-1&quot; -&gt; [1.0,2.0,3.0,4.0,5.0,6.0,7.0,8.0,9.0,10.0], &quot;Patient-NO-9&quot; -&gt; [1.0,2.0,3.0,4.0,5.0,6.0,7.0,8.0,9.0,10.0], &quot;Patient-NO-3&quot; -&gt; [1.0,2.0,3.0,4.0,5.0,6.0,7.0,8.0,9.0,10.0], &quot;Patient-NO-6&quot; -&gt; [1.0,2.0,3.0,4.0,5.0,6.0,7.0,8.0,9.0,10.0]) was not equal to Map(&quot;patient1&quot; -&gt; [42.0,0.0,24.0], &quot;patient2&quot; -&gt; [0.0,12.0,0.0])" type="sbt.ForkMain$ForkError">sbt.ForkMain$ForkError: org.scalatest.exceptions.TestFailedException: Map(&quot;Patient-NO-10&quot; -&gt; [1.0,2.0,3.0,4.0,5.0,6.0,7.0,8.0,9.0,10.0], &quot;Patient-NO-8&quot; -&gt; [1.0,2.0,3.0,4.0,5.0,6.0,7.0,8.0,9.0,10.0], &quot;Patient-NO-2&quot; -&gt; [1.0,2.0,3.0,4.0,5.0,6.0,7.0,8.0,9.0,10.0], &quot;Patient-NO-5&quot; -&gt; [1.0,2.0,3.0,4.0,5.0,6.0,7.0,8.0,9.0,10.0], &quot;Patient-NO-4&quot; -&gt; [1.0,2.0,3.0,4.0,5.0,6.0,7.0,8.0,9.0,10.0], &quot;Patient-NO-7&quot; -&gt; [1.0,2.0,3.0,4.0,5.0,6.0,7.0,8.0,9.0,10.0], &quot;Patient-NO-1&quot; -&gt; [1.0,2.0,3.0,4.0,5.0,6.0,7.0,8.0,9.0,10.0], &quot;Patient-NO-9&quot; -&gt; [1.0,2.0,3.0,4.0,5.0,6.0,7.0,8.0,9.0,10.0], &quot;Patient-NO-3&quot; -&gt; [1.0,2.0,3.0,4.0,5.0,6.0,7.0,8.0,9.0,10.0], &quot;Patient-NO-6&quot; -&gt; [1.0,2.0,3.0,4.0,5.0,6.0,7.0,8.0,9.0,10.0]) was not equal to Map(&quot;patient1&quot; -&gt; [42.0,0.0,24.0], &quot;patient2&quot; -&gt; [0.0,12.0,0.0])
	at org.scalatest.MatchersHelper$.newTestFailedException(MatchersHelper.scala:160)
	at org.scalatest.Matchers$ShouldMethodHelper$.shouldMatcher(Matchers.scala:6231)
	at org.scalatest.Matchers$AnyShouldWrapper.should(Matchers.scala:6265)
	at edu.gatech.cse6250.features.FeatureConstructionTest$$anonfun$19.apply$mcV$sp(FeatureConstructionTest.scala:276)
	at edu.gatech.cse6250.features.FeatureConstructionTest$$anonfun$19.apply(FeatureConstructionTest.scala:268)
	at edu.gatech.cse6250.features.FeatureConstructionTest$$anonfun$19.apply(FeatureConstructionTest.scala:268)
	at org.scalatest.Transformer$$anonfun$apply$1.apply$mcV$sp(Transformer.scala:22)
	at org.scalatest.OutcomeOf$class.outcomeOf(OutcomeOf.scala:85)
	at org.scalatest.OutcomeOf$.outcomeOf(OutcomeOf.scala:104)
	at org.scalatest.Transformer.apply(Transformer.scala:22)
	at org.scalatest.Transformer.apply(Transformer.scala:20)
	at org.scalatest.FlatSpecLike$$anon$1.apply(FlatSpecLike.scala:1647)
	at org.scalatest.Suite$class.withFixture(Suite.scala:1122)
	at edu.gatech.cse6250.features.FeatureConstructionTest.org$scalatest$concurrent$TimeLimitedTests$$super$withFixture(FeatureConstructionTest.scala:18)
	at org.scalatest.concurrent.TimeLimitedTests$$anonfun$withFixture$1.apply(TimeLimitedTests.scala:136)
	at org.scalatest.concurrent.TimeLimitedTests$$anonfun$withFixture$1.apply(TimeLimitedTests.scala:136)
	at org.scalatest.concurrent.Timeouts$class.timeoutAfter(Timeouts.scala:326)
	at org.scalatest.concurrent.Timeouts$class.failAfter(Timeouts.scala:245)
	at org.scalatest.concurrent.Timeouts$.failAfter(Timeouts.scala:358)
	at org.scalatest.concurrent.TimeLimitedTests$class.withFixture(TimeLimitedTests.scala:137)
	at edu.gatech.cse6250.features.FeatureConstructionTest.withFixture(FeatureConstructionTest.scala:18)
	at org.scalatest.FlatSpecLike$class.invokeWithFixture$1(FlatSpecLike.scala:1644)
	at org.scalatest.FlatSpecLike$$anonfun$runTest$1.apply(FlatSpecLike.scala:1656)
	at org.scalatest.FlatSpecLike$$anonfun$runTest$1.apply(FlatSpecLike.scala:1656)
	at org.scalatest.SuperEngine.runTestImpl(Engine.scala:306)
	at org.scalatest.FlatSpecLike$class.runTest(FlatSpecLike.scala:1656)
	at edu.gatech.cse6250.features.FeatureConstructionTest.org$scalatest$BeforeAndAfter$$super$runTest(FeatureConstructionTest.scala:18)
	at org.scalatest.BeforeAndAfter$class.runTest(BeforeAndAfter.scala:200)
	at edu.gatech.cse6250.features.FeatureConstructionTest.runTest(FeatureConstructionTest.scala:18)
	at org.scalatest.FlatSpecLike$$anonfun$runTests$1.apply(FlatSpecLike.scala:1714)
	at org.scalatest.FlatSpecLike$$anonfun$runTests$1.apply(FlatSpecLike.scala:1714)
	at org.scalatest.SuperEngine$$anonfun$traverseSubNodes$1$1.apply(Engine.scala:413)
	at org.scalatest.SuperEngine$$anonfun$traverseSubNodes$1$1.apply(Engine.scala:401)
	at scala.collection.immutable.List.foreach(List.scala:392)
	at org.scalatest.SuperEngine.traverseSubNodes$1(Engine.scala:401)
	at org.scalatest.SuperEngine.org$scalatest$SuperEngine$$runTestsInBranch(Engine.scala:390)
	at org.scalatest.SuperEngine$$anonfun$traverseSubNodes$1$1.apply(Engine.scala:427)
	at org.scalatest.SuperEngine$$anonfun$traverseSubNodes$1$1.apply(Engine.scala:401)
	at scala.collection.immutable.List.foreach(List.scala:392)
	at org.scalatest.SuperEngine.traverseSubNodes$1(Engine.scala:401)
	at org.scalatest.SuperEngine.org$scalatest$SuperEngine$$runTestsInBranch(Engine.scala:396)
	at org.scalatest.SuperEngine.runTestsImpl(Engine.scala:483)
	at org.scalatest.FlatSpecLike$class.runTests(FlatSpecLike.scala:1714)
	at org.scalatest.FlatSpec.runTests(FlatSpec.scala:1683)
	at org.scalatest.Suite$class.run(Suite.scala:1424)
	at org.scalatest.FlatSpec.org$scalatest$FlatSpecLike$$super$run(FlatSpec.scala:1683)
	at org.scalatest.FlatSpecLike$$anonfun$run$1.apply(FlatSpecLike.scala:1760)
	at org.scalatest.FlatSpecLike$$anonfun$run$1.apply(FlatSpecLike.scala:1760)
	at org.scalatest.SuperEngine.runImpl(Engine.scala:545)
	at org.scalatest.FlatSpecLike$class.run(FlatSpecLike.scala:1760)
	at edu.gatech.cse6250.features.FeatureConstructionTest.org$scalatest$BeforeAndAfter$$super$run(FeatureConstructionTest.scala:18)
	at org.scalatest.BeforeAndAfter$class.run(BeforeAndAfter.scala:241)
	at edu.gatech.cse6250.features.FeatureConstructionTest.run(FeatureConstructionTest.scala:18)
	at org.scalatest.tools.Framework.org$scalatest$tools$Framework$$runSuite(Framework.scala:466)
	at org.scalatest.tools.Framework$ScalaTestTask.execute(Framework.scala:677)
	at sbt.ForkMain$Run.lambda$runTest$1(ForkMain.java:304)
	at java.util.concurrent.FutureTask.run(Unknown Source)
	at java.util.concurrent.ThreadPoolExecutor.runWorker(Unknown Source)
	at java.util.concurrent.ThreadPoolExecutor$Worker.run(Unknown Source)
	at java.lang.Thread.run(Unknown Source)
</failure>
                                               </testcase>
                     <system-out><![CDATA[]]></system-out>
                     <system-err><![CDATA[]]></system-err>
                   </testsuite>