<?xml version='1.0' encoding='UTF-8'?>
<testsuite hostname="DESKTOP-LQ5ITIR" name="edu.gatech.cse6250.main.LoadRddRawDataTest" tests="1" errors="0" failures="0" skipped="0" time="5.799" timestamp="2020-09-20T13:39:47">
                     <properties>
[...]
</properties>
                     <testcase classname="edu.gatech.cse6250.main.LoadRddRawDataTest" name="Testing your data loader" time="5.799">
                                                 
                                               </testcase>
                     <system-out><![CDATA[]]></system-out>
                     <system-err><![CDATA[]]></system-err>
                   </testsuite>